Filtering the log data using "(processIdentifier == 0 AND senderImagePath CONTAINS "/Sandbox") OR subsystem == "com.apple.sandbox.reporting" OR sender == "Sandbox""
[{
  "timezoneName" : "",
  "messageType" : "Debug",
  "eventType" : "logEvent",
  "source" : null,
  "formatString" : "Sandbox apply: %s[%d] %s",
  "userID" : 0,
  "activityIdentifier" : 0,
  "subsystem" : "",
  "category" : "",
  "threadID" : 21237650,
  "senderImageUUID" : "274C4541-1E1C-3002-9418-7532DA123B8B",
  "backtrace" : {
    "frames" : [
      {
        "imageOffset" : 44236,
        "imageUUID" : "274C4541-1E1C-3002-9418-7532DA123B8B"
      }
    ]
  },
  "bootUUID" : "",
  "processImagePath" : "\/kernel",
  "senderImagePath" : "\/System\/Library\/Extensions\/Sandbox.kext\/Contents\/MacOS\/Sandbox",
  "timestamp" : "2025-12-25 14:50:58.245517-0800",
  "machTimestamp" : 82286966486778,
  "eventMessage" : "Sandbox apply: sandbox-exec[45385] <bytes>",
  "processImageUUID" : "81DAE146-7A58-3A72-839B-E0840E1CC03A",
  "traceID" : 632202006626820,
  "processID" : 0,
  "senderProgramCounter" : 44236,
  "parentActivityIdentifier" : 0
},{
  "timezoneName" : "",
  "messageType" : "Error",
  "eventType" : "logEvent",
  "source" : null,
  "formatString" : "%s",
  "userID" : 0,
  "activityIdentifier" : 0,
  "subsystem" : "",
  "category" : "",
  "threadID" : 21237652,
  "senderImageUUID" : "274C4541-1E1C-3002-9418-7532DA123B8B",
  "backtrace" : {
    "frames" : [
      {
        "imageOffset" : 149364,
        "imageUUID" : "274C4541-1E1C-3002-9418-7532DA123B8B"
      }
    ]
  },
  "bootUUID" : "",
  "processImagePath" : "\/kernel",
  "senderImagePath" : "\/System\/Library\/Extensions\/Sandbox.kext\/Contents\/MacOS\/Sandbox",
  "timestamp" : "2025-12-25 14:50:58.248169-0800",
  "machTimestamp" : 82286966550434,
  "eventMessage" : "Sandbox: sandbox_spawn(45385) deny(1) process-exec* \/usr\/bin\/id",
  "processImageUUID" : "81DAE146-7A58-3A72-839B-E0840E1CC03A",
  "traceID" : 639168443584516,
  "processID" : 0,
  "senderProgramCounter" : 149364,
  "parentActivityIdentifier" : 0
}