Filtering the log data using "(processIdentifier == 0 AND senderImagePath CONTAINS "/Sandbox") OR subsystem == "com.apple.sandbox.reporting" OR sender == "Sandbox""
[{
  "timezoneName" : "",
  "messageType" : "Debug",
  "eventType" : "logEvent",
  "source" : null,
  "formatString" : "Sandbox apply: %s[%d] %s",
  "userID" : 0,
  "activityIdentifier" : 0,
  "subsystem" : "",
  "category" : "",
  "threadID" : 21196852,
  "senderImageUUID" : "274C4541-1E1C-3002-9418-7532DA123B8B",
  "backtrace" : {
    "frames" : [
      {
        "imageOffset" : 44236,
        "imageUUID" : "274C4541-1E1C-3002-9418-7532DA123B8B"
      }
    ]
  },
  "bootUUID" : "",
  "processImagePath" : "\/kernel",
  "senderImagePath" : "\/System\/Library\/Extensions\/Sandbox.kext\/Contents\/MacOS\/Sandbox",
  "timestamp" : "2025-12-25 14:45:37.304911-0800",
  "machTimestamp" : 82279263403433,
  "eventMessage" : "Sandbox apply: sandbox-exec[37059] <bytes>",
  "processImageUUID" : "81DAE146-7A58-3A72-839B-E0840E1CC03A",
  "traceID" : 632202006626820,
  "processID" : 0,
  "senderProgramCounter" : 44236,
  "parentActivityIdentifier" : 0
},{
  "timezoneName" : "",
  "messageType" : "Error",
  "eventType" : "logEvent",
  "source" : null,
  "formatString" : "%s",
  "userID" : 0,
  "activityIdentifier" : 0,
  "subsystem" : "",
  "category" : "",
  "threadID" : 21196853,
  "senderImageUUID" : "274C4541-1E1C-3002-9418-7532DA123B8B",
  "backtrace" : {
    "frames" : [
      {
        "imageOffset" : 149364,
        "imageUUID" : "274C4541-1E1C-3002-9418-7532DA123B8B"
      }
    ]
  },
  "bootUUID" : "",
  "processImagePath" : "\/kernel",
  "senderImagePath" : "\/System\/Library\/Extensions\/Sandbox.kext\/Contents\/MacOS\/Sandbox",
  "timestamp" : "2025-12-25 14:45:37.306159-0800",
  "machTimestamp" : 82279263433392,
  "eventMessage" : "Sandbox: sandbox_spawn(37059) deny(1) file-read-data \/Users\/achyland\/Desktop\/VM-BRIDGE\/SANDBOX_LORE\/book\/experiments\/shrink-trace\/out\/matrix\/sandbox_spawn_dyld0_netdrop_streak2\/artifacts\/bin\/sandbox_spawn",
  "processImageUUID" : "81DAE146-7A58-3A72-839B-E0840E1CC03A",
  "traceID" : 639168443584516,
  "processID" : 0,
  "senderProgramCounter" : 149364,
  "parentActivityIdentifier" : 0
},{
  "timezoneName" : "",
  "messageType" : "Error",
  "eventType" : "logEvent",
  "source" : null,
  "formatString" : "%s",
  "userID" : 0,
  "activityIdentifier" : 0,
  "subsystem" : "",
  "category" : "",
  "threadID" : 21196853,
  "senderImageUUID" : "274C4541-1E1C-3002-9418-7532DA123B8B",
  "backtrace" : {
    "frames" : [
      {
        "imageOffset" : 149364,
        "imageUUID" : "274C4541-1E1C-3002-9418-7532DA123B8B"
      }
    ]
  },
  "bootUUID" : "",
  "processImagePath" : "\/kernel",
  "senderImagePath" : "\/System\/Library\/Extensions\/Sandbox.kext\/Contents\/MacOS\/Sandbox",
  "timestamp" : "2025-12-25 14:45:37.306444-0800",
  "machTimestamp" : 82279263440239,
  "eventMessage" : "Sandbox: sandbox_spawn(37059) deny(1) file-read-data \/dev\/dtracehelper",
  "processImageUUID" : "81DAE146-7A58-3A72-839B-E0840E1CC03A",
  "traceID" : 639168443584516,
  "processID" : 0,
  "senderProgramCounter" : 149364,
  "parentActivityIdentifier" : 0
},{
  "timezoneName" : "",
  "messageType" : "Error",
  "eventType" : "logEvent",
  "source" : null,
  "formatString" : "%s",
  "userID" : 0,
  "activityIdentifier" : 0,
  "subsystem" : "",
  "category" : "",
  "threadID" : 21196853,
  "senderImageUUID" : "274C4541-1E1C-3002-9418-7532DA123B8B",
  "backtrace" : {
    "frames" : [
      {
        "imageOffset" : 149364,
        "imageUUID" : "274C4541-1E1C-3002-9418-7532DA123B8B"
      }
    ]
  },
  "bootUUID" : "",
  "processImagePath" : "\/kernel",
  "senderImagePath" : "\/System\/Library\/Extensions\/Sandbox.kext\/Contents\/MacOS\/Sandbox",
  "timestamp" : "2025-12-25 14:45:37.306572-0800",
  "machTimestamp" : 82279263443305,
  "eventMessage" : "Sandbox: sandbox_spawn(37059) deny(1) file-read-data \/Users\/achyland\/Desktop\/VM-BRIDGE\/SANDBOX_LORE\/book\/experiments\/shrink-trace\/out\/matrix\/sandbox_spawn_dyld0_netdrop_streak2\/artifacts\/bin\/sandbox_spawn",
  "processImageUUID" : "81DAE146-7A58-3A72-839B-E0840E1CC03A",
  "traceID" : 639168443584516,
  "processID" : 0,
  "senderProgramCounter" : 149364,
  "parentActivityIdentifier" : 0
},{
  "timezoneName" : "",
  "messageType" : "Error",
  "eventType" : "logEvent",
  "source" : null,
  "formatString" : "%s",
  "userID" : 0,
  "activityIdentifier" : 0,
  "subsystem" : "",
  "category" : "",
  "threadID" : 21196853,
  "senderImageUUID" : "274C4541-1E1C-3002-9418-7532DA123B8B",
  "backtrace" : {
    "frames" : [
      {
        "imageOffset" : 149364,
        "imageUUID" : "274C4541-1E1C-3002-9418-7532DA123B8B"
      }
    ]
  },
  "bootUUID" : "",
  "processImagePath" : "\/kernel",
  "senderImagePath" : "\/System\/Library\/Extensions\/Sandbox.kext\/Contents\/MacOS\/Sandbox",
  "timestamp" : "2025-12-25 14:45:37.307125-0800",
  "machTimestamp" : 82279263456567,
  "eventMessage" : "Sandbox: sandbox_spawn(37059) deny(1) network-outbound \/private\/var\/run\/syslog",
  "processImageUUID" : "81DAE146-7A58-3A72-839B-E0840E1CC03A",
  "traceID" : 639168443584516,
  "processID" : 0,
  "senderProgramCounter" : 149364,
  "parentActivityIdentifier" : 0
},{
  "timezoneName" : "",
  "messageType" : "Error",
  "eventType" : "logEvent",
  "source" : null,
  "formatString" : "%s",
  "userID" : 0,
  "activityIdentifier" : 0,
  "subsystem" : "",
  "category" : "",
  "threadID" : 21196853,
  "senderImageUUID" : "274C4541-1E1C-3002-9418-7532DA123B8B",
  "backtrace" : {
    "frames" : [
      {
        "imageOffset" : 149364,
        "imageUUID" : "274C4541-1E1C-3002-9418-7532DA123B8B"
      }
    ]
  },
  "bootUUID" : "",
  "processImagePath" : "\/kernel",
  "senderImagePath" : "\/System\/Library\/Extensions\/Sandbox.kext\/Contents\/MacOS\/Sandbox",
  "timestamp" : "2025-12-25 14:45:37.307207-0800",
  "machTimestamp" : 82279263458531,
  "eventMessage" : "Sandbox: sandbox_spawn(37059) deny(1) sysctl-read kern.osvariant_status",
  "processImageUUID" : "81DAE146-7A58-3A72-839B-E0840E1CC03A",
  "traceID" : 639168443584516,
  "processID" : 0,
  "senderProgramCounter" : 149364,
  "parentActivityIdentifier" : 0
},{
  "timezoneName" : "",
  "messageType" : "Error",
  "eventType" : "logEvent",
  "source" : null,
  "formatString" : "%s",
  "userID" : 0,
  "activityIdentifier" : 0,
  "subsystem" : "",
  "category" : "",
  "threadID" : 21196853,
  "senderImageUUID" : "274C4541-1E1C-3002-9418-7532DA123B8B",
  "backtrace" : {
    "frames" : [
      {
        "imageOffset" : 149364,
        "imageUUID" : "274C4541-1E1C-3002-9418-7532DA123B8B"
      }
    ]
  },
  "bootUUID" : "",
  "processImagePath" : "\/kernel",
  "senderImagePath" : "\/System\/Library\/Extensions\/Sandbox.kext\/Contents\/MacOS\/Sandbox",
  "timestamp" : "2025-12-25 14:45:37.307222-0800",
  "machTimestamp" : 82279263458901,
  "eventMessage" : "Sandbox: sandbox_spawn(37059) deny(1) sysctl-read hw.ephemeral_storage",
  "processImageUUID" : "81DAE146-7A58-3A72-839B-E0840E1CC03A",
  "traceID" : 639168443584516,
  "processID" : 0,
  "senderProgramCounter" : 149364,
  "parentActivityIdentifier" : 0
},{
  "timezoneName" : "",
  "messageType" : "Error",
  "eventType" : "logEvent",
  "source" : null,
  "formatString" : "%s",
  "userID" : 0,
  "activityIdentifier" : 0,
  "subsystem" : "",
  "category" : "",
  "threadID" : 21196853,
  "senderImageUUID" : "274C4541-1E1C-3002-9418-7532DA123B8B",
  "backtrace" : {
    "frames" : [
      {
        "imageOffset" : 149364,
        "imageUUID" : "274C4541-1E1C-3002-9418-7532DA123B8B"
      }
    ]
  },
  "bootUUID" : "",
  "processImagePath" : "\/kernel",
  "senderImagePath" : "\/System\/Library\/Extensions\/Sandbox.kext\/Contents\/MacOS\/Sandbox",
  "timestamp" : "2025-12-25 14:45:37.307300-0800",
  "machTimestamp" : 82279263460764,
  "eventMessage" : "Sandbox: sandbox_spawn(37059) deny(1) process-fork",
  "processImageUUID" : "81DAE146-7A58-3A72-839B-E0840E1CC03A",
  "traceID" : 639168443584516,
  "processID" : 0,
  "senderProgramCounter" : 149364,
  "parentActivityIdentifier" : 0
},{
  "timezoneName" : "",
  "messageType" : "Error",
  "eventType" : "logEvent",
  "source" : null,
  "formatString" : "%s",
  "userID" : 0,
  "activityIdentifier" : 0,
  "subsystem" : "",
  "category" : "",
  "threadID" : 21195969,
  "senderImageUUID" : "274C4541-1E1C-3002-9418-7532DA123B8B",
  "backtrace" : {
    "frames" : [
      {
        "imageOffset" : 149364,
        "imageUUID" : "274C4541-1E1C-3002-9418-7532DA123B8B"
      }
    ]
  },
  "bootUUID" : "",
  "processImagePath" : "\/kernel",
  "senderImagePath" : "\/System\/Library\/Extensions\/Sandbox.kext\/Contents\/MacOS\/Sandbox",
  "timestamp" : "2025-12-25 14:45:42.142790-0800",
  "machTimestamp" : 82279379516478,
  "eventMessage" : "Sandbox: itunescloudd(79799) deny(1) file-read-data \/Library\/Application Support\/CrashReporter\/DiagnosticMessagesHistory.plist",
  "processImageUUID" : "81DAE146-7A58-3A72-839B-E0840E1CC03A",
  "traceID" : 639168443584516,
  "processID" : 0,
  "senderProgramCounter" : 149364,
  "parentActivityIdentifier" : 0
},{
  "timezoneName" : "",
  "messageType" : "Error",
  "eventType" : "logEvent",
  "source" : null,
  "formatString" : "%s",
  "userID" : 0,
  "activityIdentifier" : 0,
  "subsystem" : "",
  "category" : "",
  "threadID" : 21196865,
  "senderImageUUID" : "274C4541-1E1C-3002-9418-7532DA123B8B",
  "backtrace" : {
    "frames" : [
      {
        "imageOffset" : 149364,
        "imageUUID" : "274C4541-1E1C-3002-9418-7532DA123B8B"
      }
    ]
  },
  "bootUUID" : "",
  "processImagePath" : "\/kernel",
  "senderImagePath" : "\/System\/Library\/Extensions\/Sandbox.kext\/Contents\/MacOS\/Sandbox",
  "timestamp" : "2025-12-25 14:45:42.154641-0800",
  "machTimestamp" : 82279379800905,
  "eventMessage" : "Sandbox: itunescloudd(79799) deny(1) file-write-create \/Users\/achyland\/Library\/Application Support\/com.apple.iTunesCloud",
  "processImageUUID" : "81DAE146-7A58-3A72-839B-E0840E1CC03A",
  "traceID" : 639168443584516,
  "processID" : 0,
  "senderProgramCounter" : 149364,
  "parentActivityIdentifier" : 0
}