{
  "data": {
    "correlation_id": "432D6244-EA57-443B-A652-3CAB35DF4CA4",
    "deny_lines": [],
    "duration_ms": null,
    "end": "2025-12-25 13:08:37",
    "last": null,
    "layer_attribution": {
      "seatbelt": "observer_only"
    },
    "log_error": null,
    "log_rc": 0,
    "log_stderr": "",
    "log_stdout": "Timestamp                       (process)[PID]    ",
    "log_truncated": false,
    "mode": "show",
    "observed_deny": false,
    "observed_lines": 1,
    "observer_schema_version": 1,
    "pid": 89613,
    "plan_id": "entitlement-diff:ej",
    "predicate": "((eventMessage CONTAINS[c] \"Sandbox: ProbeService_minimal(89613)\") OR ((eventMessage CONTAINS[c] \"deny\") AND (eventMessage CONTAINS[c] \"89613\")))",
    "process_name": "ProbeService_minimal",
    "row_id": "bookmark_roundtrip.minimal.probe_catalog",
    "start": "2025-12-25 13:08:27"
  },
  "generated_at_unix_ms": 1766696912548,
  "kind": "sandbox_log_observer_report",
  "result": {
    "errno": null,
    "error": null,
    "exit_code": 0,
    "normalized_outcome": null,
    "ok": true,
    "rc": null,
    "stderr": null,
    "stdout": null
  },
  "schema_version": 1
}
