{
  "data": {
    "correlation_id": "C99CA78C-A7FA-40CC-AB94-5951F849F835",
    "deny_lines": [],
    "duration_ms": null,
    "end": "2025-12-25 13:08:38",
    "last": null,
    "layer_attribution": {
      "seatbelt": "observer_only"
    },
    "log_error": null,
    "log_rc": 0,
    "log_stderr": "",
    "log_stdout": "Timestamp                       (process)[PID]    ",
    "log_truncated": false,
    "mode": "show",
    "observed_deny": false,
    "observed_lines": 1,
    "observer_schema_version": 1,
    "pid": 89619,
    "plan_id": "entitlement-diff:ej",
    "predicate": "((eventMessage CONTAINS[c] \"Sandbox: ProbeService_bookmarks_app_scope(89619)\") OR ((eventMessage CONTAINS[c] \"deny\") AND (eventMessage CONTAINS[c] \"89619\")))",
    "process_name": "ProbeService_bookmarks_app_scope",
    "row_id": "bookmark_roundtrip.bookmarks_app_scope.capabilities_snapshot",
    "start": "2025-12-25 13:08:28"
  },
  "generated_at_unix_ms": 1766696913989,
  "kind": "sandbox_log_observer_report",
  "result": {
    "errno": null,
    "error": null,
    "exit_code": 0,
    "normalized_outcome": null,
    "ok": true,
    "rc": null,
    "stderr": null,
    "stdout": null
  },
  "schema_version": 1
}
