{
  "data": {
    "correlation_id": "B0091981-35D4-44B4-862D-27F2D6574C9C",
    "deny_lines": [],
    "duration_ms": null,
    "end": "2025-12-25 13:08:29",
    "last": null,
    "layer_attribution": {
      "seatbelt": "observer_only"
    },
    "log_error": null,
    "log_rc": 0,
    "log_stderr": "",
    "log_stdout": "Timestamp                       (process)[PID]    ",
    "log_truncated": false,
    "mode": "show",
    "observed_deny": false,
    "observed_lines": 1,
    "observer_schema_version": 1,
    "pid": 89563,
    "plan_id": "entitlement-diff:ej",
    "predicate": "((eventMessage CONTAINS[c] \"Sandbox: ProbeService_bookmarks_app_scope(89563)\") OR ((eventMessage CONTAINS[c] \"deny\") AND (eventMessage CONTAINS[c] \"89563\")))",
    "process_name": "ProbeService_bookmarks_app_scope",
    "row_id": "bookmarks.bookmarks_app_scope.bookmark_op_stat",
    "start": "2025-12-25 13:08:19"
  },
  "generated_at_unix_ms": 1766696905460,
  "kind": "sandbox_log_observer_report",
  "result": {
    "errno": null,
    "error": null,
    "exit_code": 0,
    "normalized_outcome": null,
    "ok": true,
    "rc": null,
    "stderr": null,
    "stdout": null
  },
  "schema_version": 1
}
