{
  "data": {
    "correlation_id": "B2D98FDD-AB21-40FF-8D6B-E03C708B309E",
    "deny_lines": [],
    "duration_ms": null,
    "end": "2025-12-25 13:08:45",
    "last": null,
    "layer_attribution": {
      "seatbelt": "observer_only"
    },
    "log_error": null,
    "log_rc": 0,
    "log_stderr": "",
    "log_stdout": "Timestamp                       (process)[PID]    ",
    "log_truncated": false,
    "mode": "show",
    "observed_deny": false,
    "observed_lines": 1,
    "observer_schema_version": 1,
    "pid": 89680,
    "plan_id": "entitlement-diff:ej",
    "predicate": "((eventMessage CONTAINS[c] \"Sandbox: ProbeService_bookmarks_app_scope(89680)\") OR ((eventMessage CONTAINS[c] \"deny\") AND (eventMessage CONTAINS[c] \"89680\")))",
    "process_name": "ProbeService_bookmarks_app_scope",
    "row_id": "bookmark_roundtrip.bookmarks_app_scope.roundtrip_stat",
    "start": "2025-12-25 13:08:35"
  },
  "generated_at_unix_ms": 1766696921001,
  "kind": "sandbox_log_observer_report",
  "result": {
    "errno": null,
    "error": null,
    "exit_code": 0,
    "normalized_outcome": null,
    "ok": true,
    "rc": null,
    "stderr": null,
    "stdout": null
  },
  "schema_version": 1
}
