{
  "data": {
    "correlation_id": "376ED5D1-21B9-45CD-94AE-3E336C5D051C",
    "deny_lines": [],
    "duration_ms": null,
    "end": "2025-12-25 13:08:27",
    "last": null,
    "layer_attribution": {
      "seatbelt": "observer_only"
    },
    "log_error": null,
    "log_rc": 0,
    "log_stderr": "",
    "log_stdout": "Timestamp                       (process)[PID]    ",
    "log_truncated": false,
    "mode": "show",
    "observed_deny": false,
    "observed_lines": 1,
    "observer_schema_version": 1,
    "pid": 89329,
    "plan_id": "entitlement-diff:ej",
    "predicate": "((eventMessage CONTAINS[c] \"Sandbox: ProbeService_bookmarks_app_scope(89329)\") OR ((eventMessage CONTAINS[c] \"deny\") AND (eventMessage CONTAINS[c] \"89329\")))",
    "process_name": "ProbeService_bookmarks_app_scope",
    "row_id": "bookmarks.bookmarks_app_scope.fs_create",
    "start": "2025-12-25 13:08:17"
  },
  "generated_at_unix_ms": 1766696902722,
  "kind": "sandbox_log_observer_report",
  "result": {
    "errno": null,
    "error": null,
    "exit_code": 0,
    "normalized_outcome": null,
    "ok": true,
    "rc": null,
    "stderr": null,
    "stdout": null
  },
  "schema_version": 1
}
