{
  "data": {
    "correlation_id": "9E92E3AA-487B-4928-A0AB-4C1197B17877",
    "deny_lines": [],
    "duration_ms": null,
    "end": "2025-12-25 12:59:15",
    "last": null,
    "layer_attribution": {
      "seatbelt": "observer_only"
    },
    "log_error": null,
    "log_rc": 0,
    "log_stderr": "",
    "log_stdout": "Timestamp                       (process)[PID]    ",
    "log_truncated": false,
    "mode": "show",
    "observed_deny": false,
    "observed_lines": 1,
    "observer_schema_version": 1,
    "pid": 87096,
    "plan_id": "entitlement-diff:ej",
    "predicate": "((eventMessage CONTAINS[c] \"Sandbox: ProbeService_minimal(87096)\") OR ((eventMessage CONTAINS[c] \"deny\") AND (eventMessage CONTAINS[c] \"87096\")))",
    "process_name": "ProbeService_minimal",
    "row_id": "downloads.minimal.world_shape",
    "start": "2025-12-25 12:59:05"
  },
  "generated_at_unix_ms": 1766696350866,
  "kind": "sandbox_log_observer_report",
  "result": {
    "errno": null,
    "error": null,
    "exit_code": 0,
    "normalized_outcome": null,
    "ok": true,
    "rc": null,
    "stderr": null,
    "stdout": null
  },
  "schema_version": 1
}
