{
  "data": {
    "correlation_id": "4939DDDE-5CE1-429A-96A9-033E741DB661",
    "deny_lines": [],
    "duration_ms": null,
    "end": "2025-12-25 12:59:16",
    "last": null,
    "layer_attribution": {
      "seatbelt": "observer_only"
    },
    "log_error": null,
    "log_rc": 0,
    "log_stderr": "",
    "log_stdout": "Timestamp                       (process)[PID]    ",
    "log_truncated": false,
    "mode": "show",
    "observed_deny": false,
    "observed_lines": 1,
    "observer_schema_version": 1,
    "pid": 87104,
    "plan_id": "entitlement-diff:ej",
    "predicate": "((eventMessage CONTAINS[c] \"Sandbox: ProbeService_minimal(87104)\") OR ((eventMessage CONTAINS[c] \"deny\") AND (eventMessage CONTAINS[c] \"87104\")))",
    "process_name": "ProbeService_minimal",
    "row_id": "downloads.minimal.fs_listdir",
    "start": "2025-12-25 12:59:06"
  },
  "generated_at_unix_ms": 1766696352235,
  "kind": "sandbox_log_observer_report",
  "result": {
    "errno": null,
    "error": null,
    "exit_code": 0,
    "normalized_outcome": null,
    "ok": true,
    "rc": null,
    "stderr": null,
    "stdout": null
  },
  "schema_version": 1
}
