{
  "data": {
    "correlation_id": "F02F5BE5-367F-4793-9A26-9C3CDECFEEB7",
    "deny_lines": [],
    "duration_ms": null,
    "end": "2025-12-25 13:09:12",
    "last": null,
    "layer_attribution": {
      "seatbelt": "observer_only"
    },
    "log_error": null,
    "log_rc": 0,
    "log_stderr": "",
    "log_stdout": "Timestamp                       (process)[PID]    ",
    "log_truncated": false,
    "mode": "show",
    "observed_deny": false,
    "observed_lines": 1,
    "observer_schema_version": 1,
    "pid": 89815,
    "plan_id": "entitlement-diff:ej",
    "predicate": "((eventMessage CONTAINS[c] \"Sandbox: ProbeService_downloads_rw(89815)\") OR ((eventMessage CONTAINS[c] \"deny\") AND (eventMessage CONTAINS[c] \"89815\")))",
    "process_name": "ProbeService_downloads_rw",
    "row_id": "fs_xattr.downloads_rw.fs_create",
    "start": "2025-12-25 13:09:02"
  },
  "generated_at_unix_ms": 1766696948399,
  "kind": "sandbox_log_observer_report",
  "result": {
    "errno": null,
    "error": null,
    "exit_code": 0,
    "normalized_outcome": null,
    "ok": true,
    "rc": null,
    "stderr": null,
    "stdout": null
  },
  "schema_version": 1
}
