{
  "data": {
    "end": null,
    "last": "10s",
    "layer_attribution": {
      "seatbelt": "observer_only"
    },
    "log_error": null,
    "log_rc": 0,
    "log_stderr": "",
    "log_stdout": "Timestamp                       (process)[PID]    \n2025-12-24 18:04:34.665859-0800  localhost kernel[0]: (Sandbox) Sandbox: ProbeService_plugin_host_relaxed(43111) deny(1) network-outbound remote:*:55486\n2025-12-24 18:04:34.966401-0800  localhost log[43113]: [com.apple.log:] log run noninteractively, parent: 43112 (sandbox-log-observer), args: '/usr/bin/log' 'show' '--style' 'syslog' '--info' '--debug' '--last' '10s' '--predicate' '((eventMessage CONTAINS[c] \"Sandbox: ProbeService_plugin_host_relaxed(43111)\") OR ((eventMessag",
    "observed_deny": true,
    "observed_lines": 3,
    "pid": 43111,
    "predicate": "((eventMessage CONTAINS[c] \"Sandbox: ProbeService_plugin_host_relaxed(43111)\") OR ((eventMessage CONTAINS[c] \"deny\") AND (eventMessage CONTAINS[c] \"43111\")))",
    "process_name": "ProbeService_plugin_host_relaxed",
    "start": null
  },
  "generated_at_unix_ms": 1766628275117,
  "kind": "sandbox_log_observer_report",
  "result": {
    "errno": null,
    "error": null,
    "exit_code": 0,
    "normalized_outcome": null,
    "ok": true,
    "rc": null,
    "stderr": null,
    "stdout": null
  },
  "schema_version": 1
}
