{
  "data": {
    "correlation_id": "A1C6E264-B67E-40B0-971F-0B230BCDFA34",
    "deny_lines": [],
    "duration_ms": null,
    "end": "2025-12-25 13:08:07",
    "last": null,
    "layer_attribution": {
      "seatbelt": "observer_only"
    },
    "log_error": null,
    "log_rc": 0,
    "log_stderr": "",
    "log_stdout": "Timestamp                       (process)[PID]    ",
    "log_truncated": false,
    "mode": "show",
    "observed_deny": false,
    "observed_lines": 1,
    "observer_schema_version": 1,
    "pid": 89165,
    "plan_id": "entitlement-diff:ej",
    "predicate": "((eventMessage CONTAINS[c] \"Sandbox: ProbeService_net_client(89165)\") OR ((eventMessage CONTAINS[c] \"deny\") AND (eventMessage CONTAINS[c] \"89165\")))",
    "process_name": "ProbeService_net_client",
    "row_id": "net_client.net_client.capabilities_snapshot",
    "start": "2025-12-25 13:07:57"
  },
  "generated_at_unix_ms": 1766696883091,
  "kind": "sandbox_log_observer_report",
  "result": {
    "errno": null,
    "error": null,
    "exit_code": 0,
    "normalized_outcome": null,
    "ok": true,
    "rc": null,
    "stderr": null,
    "stdout": null
  },
  "schema_version": 1
}
