{
  "data": {
    "correlation_id": "EA8D4301-026D-4AB8-8465-B8418A47B0ED",
    "deny_lines": [],
    "duration_ms": null,
    "end": "2025-12-25 13:09:08",
    "last": null,
    "layer_attribution": {
      "seatbelt": "observer_only"
    },
    "log_error": null,
    "log_rc": 0,
    "log_stderr": "",
    "log_stdout": "Timestamp                       (process)[PID]    ",
    "log_truncated": false,
    "mode": "show",
    "observed_deny": false,
    "observed_lines": 1,
    "observer_schema_version": 1,
    "pid": 89791,
    "plan_id": "entitlement-diff:ej",
    "predicate": "((eventMessage CONTAINS[c] \"Sandbox: ProbeService_downloads_rw(89791)\") OR ((eventMessage CONTAINS[c] \"deny\") AND (eventMessage CONTAINS[c] \"89791\")))",
    "process_name": "ProbeService_downloads_rw",
    "row_id": "userdefaults.downloads_rw.read",
    "start": "2025-12-25 13:08:58"
  },
  "generated_at_unix_ms": 1766696944271,
  "kind": "sandbox_log_observer_report",
  "result": {
    "errno": null,
    "error": null,
    "exit_code": 0,
    "normalized_outcome": null,
    "ok": true,
    "rc": null,
    "stderr": null,
    "stdout": null
  },
  "schema_version": 1
}
