{
  "data": {
    "correlation_id": "31AFA643-999B-49EA-B025-03FF08EF2B52",
    "deny_lines": [],
    "duration_ms": null,
    "end": "2025-12-25 13:49:15",
    "last": null,
    "layer_attribution": {
      "seatbelt": "observer_only"
    },
    "log_error": null,
    "log_rc": 0,
    "log_stderr": "",
    "log_stdout": "Timestamp                       (process)[PID]    ",
    "log_truncated": false,
    "mode": "show",
    "observed_deny": false,
    "observed_lines": 1,
    "observer_schema_version": 1,
    "pid": 97350,
    "plan_id": "entitlement-diff:ej",
    "predicate": "((eventMessage CONTAINS[c] \"Sandbox: ProbeService_minimal(97350)\") OR ((eventMessage CONTAINS[c] \"deny\") AND (eventMessage CONTAINS[c] \"97350\")))",
    "process_name": "ProbeService_minimal",
    "row_id": "wait_attach.minimal.wait_fifo",
    "start": "2025-12-25 13:49:05"
  },
  "generated_at_unix_ms": 1766699350693,
  "kind": "sandbox_log_observer_report",
  "result": {
    "errno": null,
    "error": null,
    "exit_code": 0,
    "normalized_outcome": null,
    "ok": true,
    "rc": null,
    "stderr": null,
    "stdout": null
  },
  "schema_version": 1
}
