{
  "data": {
    "correlation_id": "A62C43B3-EAC4-4B7F-B99C-8B79E56325CE",
    "deny_lines": [],
    "duration_ms": null,
    "end": "2025-12-25 13:08:44",
    "last": null,
    "layer_attribution": {
      "seatbelt": "observer_only"
    },
    "log_error": null,
    "log_rc": 0,
    "log_stderr": "",
    "log_stdout": "Timestamp                       (process)[PID]    ",
    "log_truncated": false,
    "mode": "show",
    "observed_deny": false,
    "observed_lines": 1,
    "observer_schema_version": 1,
    "pid": 89668,
    "plan_id": "entitlement-diff:ej",
    "predicate": "((eventMessage CONTAINS[c] \"Sandbox: ProbeService_bookmarks_app_scope(89668)\") OR ((eventMessage CONTAINS[c] \"deny\") AND (eventMessage CONTAINS[c] \"89668\")))",
    "process_name": "ProbeService_bookmarks_app_scope",
    "row_id": "bookmark_roundtrip.bookmarks_app_scope.fs_create",
    "start": "2025-12-25 13:08:34"
  },
  "generated_at_unix_ms": 1766696919579,
  "kind": "sandbox_log_observer_report",
  "result": {
    "errno": null,
    "error": null,
    "exit_code": 0,
    "normalized_outcome": null,
    "ok": true,
    "rc": null,
    "stderr": null,
    "stdout": null
  },
  "schema_version": 1
}
