{
  "data": {
    "correlation_id": "37A495FF-2C62-4CD2-BFB7-BD5E5F69D220",
    "deny_lines": [
      "2025-12-25 13:08:37.763677-0800  localhost sandboxd[65126]: [com.apple.sandbox.reporting:violation] Sandbox: ProbeService_minimal(89662) deny(1) mach-lookup com.apple.scopedbookmarksagent.xpc",
      "Violation:       deny(1) mach-lookup com.apple.scopedbookmarksagent.xpc",
      "MetaData: {\"primary-filter\":\"global-name\",\"checker-pid\":1,\"platform_binary\":\"no\",\"mach_namespace\":1,\"uid\":501,\"sandbox_checker\":\"launchd\",\"target\":\"com.apple.scopedbookmarksagent.xpc\",\"operation\":\"mach-lookup\",\"flags\":5,\"hardware\":\"J313\",\"profile-in-collection\":false,\"container\":\"\\/Users\\/achyland\\/Library\\/Containers\\/com.yourteam.entitlement-jail.ProbeService_minimal\\/Data\",\"profile-flags\":0,\"responsible-process-signing-id\":\"com.apple.Terminal\",\"responsible-process-path\":\"\\/System\\/Applications\\/Utilities\\/Terminal.app\\/Contents\\/MacOS\\/Terminal\",\"errno\":1,\"summary\":\"deny(1) mach-lookup com.apple.scopedbookmarksagent.xpc\",\"platform-policy\":false,\"primary-filter-value\":\"com.apple.scopedbookmarksagent.xpc\",\"action\":\"deny\",\"binary-in-trust-cache\":false,\"process\":\"ProbeService_minimal\",\"pid\":89662,\"policy-description\":\"Sandbox\",\"team-id\":\"42D369QV8E\",\"checker\":\"launchd\",\"signing-id\":\"com.yourteam.entitlement-jail.ProbeService_minimal\",\"process-path\":\"\\/Users\\/achyland\\/Desktop\\/VM-BRIDGE\\/SANDBOX_LORE\\/book\\/tools\\/entitlement\\/EntitlementJail.app\\/Contents\\/XPCServices\\/ProbeService_minimal.xpc\\/Contents\\/MacOS\\/ProbeService_minimal\",\"process_path\":[\"Users\",\"achyland\",\"Desktop\",\"VM-BRIDGE\",\"SANDBOX_LORE\",\"book\",\"tools\",\"entitlement\",\"EntitlementJail.app\",\"Contents\",\"XPCServices\",\"ProbeService_minimal.xpc\",\"Contents\",\"MacOS\",\"ProbeService_minimal\"],\"apple-internal\":false,\"normalized_target\":[\"com.apple.scopedbookmarksagent.xpc\"],\"global-name\":\"com.apple.scopedbookmarksagent.xpc\",\"platform-binary\":false,\"build\":\"macOS 14.4.1 (23E224)\",\"release-type\":\"User\"}"
    ],
    "duration_ms": null,
    "end": "2025-12-25 13:08:42",
    "last": null,
    "layer_attribution": {
      "seatbelt": "observer_only"
    },
    "log_error": null,
    "log_rc": 0,
    "log_stderr": "",
    "log_stdout": "Timestamp                       (process)[PID]    \n2025-12-25 13:08:37.763677-0800  localhost sandboxd[65126]: [com.apple.sandbox.reporting:violation] Sandbox: ProbeService_minimal(89662) deny(1) mach-lookup com.apple.scopedbookmarksagent.xpc\nViolation:       deny(1) mach-lookup com.apple.scopedbookmarksagent.xpc\nProcess:         ProbeService_minimal [89662]\nPath:            /Users/achyland/Desktop/VM-BRIDGE/SANDBOX_LORE/book/tools/entitlement/EntitlementJail.app/Contents/XPCServices/ProbeService_minimal.xpc/Contents/MacOS/ProbeService_minimal\nLoad Address:    0x100338000\nIdentifier:      com.yourteam.entitlement-jail.ProbeService_minimal\nVersion:         1 (1.0)\nCode Type:       arm64 (Native)\nParent Process:  ProbeService_minimal [1]\nResponsible:     /System/Applications/Utilities/Terminal.app/Contents/MacOS/Terminal\nUser ID:         501\n\nDate/Time:       2025-12-25 13:08:37.676 PST\nOS Version:      macOS 14.4.1 (23E224)\nRelease Type:    User\nReport Version:  8\n\nMetaData: {\"primary-filter\":\"global-name\",\"checker-pid\":1,\"platform_binary\":\"no\",\"mach_namespace\":1,\"uid\":501,\"sandbox_checker\":\"launchd\",\"target\":\"com.apple.scopedbookmarksagent.xpc\",\"operation\":\"mach-lookup\",\"flags\":5,\"hardware\":\"J313\",\"profile-in-collection\":false,\"container\":\"\\/Users\\/achyland\\/Library\\/Containers\\/com.yourteam.entitlement-jail.ProbeService_minimal\\/Data\",\"profile-flags\":0,\"responsible-process-signing-id\":\"com.apple.Terminal\",\"responsible-process-path\":\"\\/System\\/Applications\\/Utilities\\/Terminal.app\\/Contents\\/MacOS\\/Terminal\",\"errno\":1,\"summary\":\"deny(1) mach-lookup com.apple.scopedbookmarksagent.xpc\",\"platform-policy\":false,\"primary-filter-value\":\"com.apple.scopedbookmarksagent.xpc\",\"action\":\"deny\",\"binary-in-trust-cache\":false,\"process\":\"ProbeService_minimal\",\"pid\":89662,\"policy-description\":\"Sandbox\",\"team-id\":\"42D369QV8E\",\"checker\":\"launchd\",\"signing-id\":\"com.yourteam.entitlement-jail.ProbeService_minimal\",\"process-path\":\"\\/Users\\/achyland\\/Desktop\\/VM-BRIDGE\\/SANDBOX_LORE\\/book\\/tools\\/entitlement\\/EntitlementJail.app\\/Contents\\/XPCServices\\/ProbeService_minimal.xpc\\/Contents\\/MacOS\\/ProbeService_minimal\",\"process_path\":[\"Users\",\"achyland\",\"Desktop\",\"VM-BRIDGE\",\"SANDBOX_LORE\",\"book\",\"tools\",\"entitlement\",\"EntitlementJail.app\",\"Contents\",\"XPCServices\",\"ProbeService_minimal.xpc\",\"Contents\",\"MacOS\",\"ProbeService_minimal\"],\"apple-internal\":false,\"normalized_target\":[\"com.apple.scopedbookmarksagent.xpc\"],\"global-name\":\"com.apple.scopedbookmarksagent.xpc\",\"platform-binary\":false,\"build\":\"macOS 14.4.1 (23E224)\",\"release-type\":\"User\"}\n\nThread 0 (id: 20952438):\n0   libsystem_kernel.dylib        \t0x0000000189d0990c __semwait_signal_nocancel + 8\n1   libsystem_c.dylib             \t0x0000000189bffa64 sleep$NOCANCEL + 52\n2   libdispatch.dylib             \t0x0000000189ba5494 _dispatch_queue_cleanup2 + 212\n3   libsystem_pthread.dylib       \t0x0000000189d408f4 _pthread_tsd_cleanup + 620\n4   libsystem_pthread.dylib       \t0x0000000189d43684 _pthread_exit + 84\n5   libsystem_pthread.dylib       \t0x0000000189d40624 pthread_exit + 88\n6   libdispatch.dylib             \t0x0000000189ba0ec0 dispatch_main + 128\n7   libxpc.dylib                  \t0x0000000189a5b590 _xpc_objc_main + 752\n8   libxpc.dylib                  \t0x0000000189a6aee8 _xpc_main + 324\n9   libxpc.dylib                  \t0x0000000189a5b0f8 _xpc_copy_xpcservice_dictionary + 0\n10  Foundation                    \t0x000000018af71788 +[NSXPCListener serviceListener] + 0\n11  ProbeService_minimal          \t0x00000001003e5c8c main + 156 (main.swift:44)\n12  dyld                          \t0x00000001899ba0e0 start + 2360\n\nThread 1 (id: 20952439):\n0   libsystem_kernel.dylib        \t0x0000000189d021f4 mach_msg2_trap + 8\n1   libsystem_kernel.dylib        \t0x0000000189d0ae34 mach_msg_overwrite + 476\n2   libsystem_kernel.dylib        \t0x0000000189d02578 mach_msg + 24\n3   libxpc.dylib                  \t0x0000000189a737c0 _xpc_pipe_mach_msg + 56\n4   libxpc.dylib                  \t0x0000000189a72ff4 _xpc_pipe_routine + 388\n5   libxpc.dylib                  \t0x0000000189a48ce0 _xpc_interface_routine + 208\n6   libxpc.dylib                  \t0x0000000189a4e7c4 _xpc_look_up_endpoint + 268\n7   libxpc.dylib                  \t0x0000000189a4e640 _xpc_connection_bootstrap_look_up_slow + 412\n8   libxpc.dylib                  \t0x0000000189a4de90 _xpc_connection_init + 1036\n9   libxpc.dylib                  \t0x0000000189a4da10 _xpc_connection_activate_if_needed + 304\n10  CoreServicesInternal          \t0x000000018d4a3d7c syncMessageToScopedBookmarksAgent(void*, unsigned char) + 764\n11  CoreServicesInternal          \t0x000000018d496c40 __CFURLCreateBookmarkData(__CFAllocator const*, __CFURL const*, unsigned long, __CFArray const*, __CFURL const*, __CFError**) + 3080\n12  CoreServicesInternal          \t0x000000018d496fac ___CFURLCreateBookmarkData_block_invoke + 68\n13  libsystem_trace.dylib         \t0x0000000189a94588 _os_activity_initiate_impl + 64\n14  CoreServicesInternal          \t0x000000018d4864b8 _CFURLCreateBookmarkData + 156\n15  CoreFoundation                \t0x0000000189e81824 -[NSURL bookmarkDataWithOptions:includingResourceValuesForKeys:relativeToURL:error:] + 140\n16  Foundation                    \t0x000000018b1c4be0 URL.bookmarkData(options:includingResourceValuesForKeys:relativeTo:) + 152\n17  ProbeService_minimal          \t0x00000001003a7200 static InProcessProbeCore.probeBookmarkRoundtrip(argv:) + 5156 (InProcessProbeCore.swift:2412)\n18  ProbeService_minimal          \t0x000000010036cccc static InProcessProbeCore.run(_:) + 7072 (InProcessProbeCore.swift:115)\n19  ProbeService_minimal          \t0x00000001003e5e18 ProbeService.runProbe(_:withReply:) + 248 (main.swift:8)\n20  ProbeService_minimal          \t0x00000001003e6a8c @objc ProbeService.runProbe(_:withReply:) + 144 (<compiler-generated>:0)\n21  Foundation                    \t0x000000018af5bea8 __NSXPCCONNECTION_IS_CALLING_OUT_TO_EXPORTED_OBJECT_S2__ + 16\n22  Foundation                    \t0x000000018b77541c -[NSXPCConnection _decodeAndInvokeMessageWithEvent:reply:flags:] + 1592\n23  Foundation                    \t0x000000018b776c1c message_handler_message + 88\n24  Foundation                    \t0x000000018b776688 message_handler + 152\n25  libxpc.dylib                  \t0x0000000189a51058 _xpc_connection_call_event_handler + 144\n26  libxpc.dylib                  \t0x0000000189a4f7cc _xpc_connection_mach_event + 1404\n27  libdispatch.dylib             \t0x0000000189b924a8 _dispatch_client_callout4 + 20\n28  libdispatch.dylib             \t0x0000000189bae888 _dispatch_mach_msg_invoke + 468\n29  libdispatch.dylib             \t0x0000000189b99898 _dispatch_lane_serial_drain + 368\n30  libdispatch.dylib             \t0x0000000189baf5d8 _dispatch_mach_invoke + 444\n31  libdispatch.dylib             \t0x0000000189b99898 _dispatch_lane_serial_drain + 368\n32  libdispatch.dylib             \t0x0000000189b9a578 _dispatch_lane_invoke + 432\n33  libdispatch.dylib             \t0x0000000189ba52d0 _dispatch_root_queue_drain_deferred_wlh + 288\n34  libdispatch.dylib             \t0x0000000189ba4b44 _dispatch_workloop_worker_thread + 404\n35  libsystem_pthread.dylib       \t0x0000000189d3f00c _pthread_wqthread + 288\n36  libsystem_pthread.dylib       \t0x0000000189d3dd28 start_wqthread + 8\n\nThread 2 (id: 20952440):\n0   libsystem_kernel.dylib        \t0x0000000189d09944 __sigsuspend_nocancel + 8\n1   libdispatch.dylib             \t0x0000000189ba5564 _dispatch_sigsuspend + 0\n\nThread 3 (id: 20952441):\n0   libsystem_kernel.dylib        \t0x0000000189d03ea4 __workq_kernreturn + 8\n1   libsystem_pthread.dylib       \t0x0000000189d3dd28 start_wqthread + 8\n\nBinary Images:\n       0x100338000 -        0x10033c0eb  com.yourteam.entitlement-jail.ProbeService_minimal (1.0 - 1) <639ab31d-d685-3ebf-bf2b-cdb51e5f45fa> /Users/achyland/Desktop/VM-BRIDGE/SANDBOX_LORE/book/tools/entitlement/EntitlementJail.app/Contents/XPCServices/ProbeService_minimal.xpc/Contents/MacOS/ProbeService_minimal\n       0x1899b4000 -        0x1899b4fff  com.apple.darwin.ignition (1.0.0 - 56) <f6dd3ec2-85a4-3ab1-8486-b189cd980ebe> /usr/lib/dyld\n       0x189a42000 -        0x189a43a4b  libxpc.dylib <c43d5322-9b69-37ee-b51e-45fde5d81b5b> /usr/lib/system/libxpc.dylib\n       0x189a8d000 -        0x189a8e323  libsystem_trace.dylib <681ebf40-b321-364a-88ea-04ab45e3da66> /usr/lib/system/libsystem_trace.dylib\n       0x189b8e000 -        0x189b8fd37  libdispatch.dylib <7f973554-8168-35bf-ae86-2e9123e81bf7> /usr/lib/system/libdispatch.dylib\n       0x189bd9000 -        0x189bda36b  libsystem_c.dylib <49477e07-e77b-332f-b98d-79ca210a866d> /usr/lib/system/libsystem_c.dylib\n       0x189d01000 -        0x189d01d7f  libsystem_kernel.dylib <2a91fd2c-4cef-3211-a025-7a1c0a8c2db5> /usr/lib/system/libsystem_kernel.dylib\n       0x189d3c000 -        0x189d3ca87  libsystem_pthread.dylib <45239f06-cc53-36d0-9933-7776ac7ea2fa> /usr/lib/system/libsystem_pthread.dylib\n       0x189da4000 -        0x189da60af  com.apple.CoreFoundation (6.9 - 2420) <33908a83-098f-3437-973e-fb848c4f39df> /System/Library/Frameworks/CoreFoundation.framework/Versions/A/CoreFoundation\n       0x18aef8000 -        0x18aefa75f  com.apple.Foundation (6.9 - 2420) <1b93a4d2-db73-3f3b-a726-c8eacc5128e0> /System/Library/Frameworks/Foundation.framework/Versions/C/Foundation\n       0x18d470000 -        0x18d471acb  com.apple.CoreServicesInternal (505 - 505) <f81cefd5-5c8f-30da-af7b-3d3c219aba9e> /System/Library/PrivateFrameworks/CoreServicesInternal.framework/Versions/A/CoreServicesInternal",
    "log_truncated": false,
    "mode": "show",
    "observed_deny": true,
    "observed_lines": 87,
    "observer_schema_version": 1,
    "pid": 89662,
    "plan_id": "entitlement-diff:ej",
    "predicate": "((eventMessage CONTAINS[c] \"Sandbox: ProbeService_minimal(89662)\") OR ((eventMessage CONTAINS[c] \"deny\") AND (eventMessage CONTAINS[c] \"89662\")))",
    "process_name": "ProbeService_minimal",
    "row_id": "bookmark_roundtrip.minimal.roundtrip_stat",
    "start": "2025-12-25 13:08:32"
  },
  "generated_at_unix_ms": 1766696918152,
  "kind": "sandbox_log_observer_report",
  "result": {
    "errno": null,
    "error": null,
    "exit_code": 0,
    "normalized_outcome": null,
    "ok": true,
    "rc": null,
    "stderr": null,
    "stdout": null
  },
  "schema_version": 1
}
