{
  "data": {
    "correlation_id": "C9D86EBA-53A6-4C06-8FE9-3D313079BE5F",
    "deny_lines": [],
    "duration_ms": null,
    "end": "2025-12-25 13:08:18",
    "last": null,
    "layer_attribution": {
      "seatbelt": "observer_only"
    },
    "log_error": null,
    "log_rc": 0,
    "log_stderr": "",
    "log_stdout": "Timestamp                       (process)[PID]    ",
    "log_truncated": false,
    "mode": "show",
    "observed_deny": false,
    "observed_lines": 1,
    "observer_schema_version": 1,
    "pid": 89227,
    "plan_id": "entitlement-diff:ej",
    "predicate": "((eventMessage CONTAINS[c] \"Sandbox: ProbeService_minimal(89227)\") OR ((eventMessage CONTAINS[c] \"deny\") AND (eventMessage CONTAINS[c] \"89227\")))",
    "process_name": "ProbeService_minimal",
    "row_id": "bookmarks.minimal.world_shape",
    "start": "2025-12-25 13:08:08"
  },
  "generated_at_unix_ms": 1766696893481,
  "kind": "sandbox_log_observer_report",
  "result": {
    "errno": null,
    "error": null,
    "exit_code": 0,
    "normalized_outcome": null,
    "ok": true,
    "rc": null,
    "stderr": null,
    "stdout": null
  },
  "schema_version": 1
}
