{
  "data": {
    "correlation_id": "E54D236B-93BC-43A2-AC0D-C95662CDB8C7",
    "deny_lines": [],
    "duration_ms": null,
    "end": "2025-12-25 13:08:35",
    "last": null,
    "layer_attribution": {
      "seatbelt": "observer_only"
    },
    "log_error": null,
    "log_rc": 0,
    "log_stderr": "",
    "log_stdout": "Timestamp                       (process)[PID]    ",
    "log_truncated": false,
    "mode": "show",
    "observed_deny": false,
    "observed_lines": 1,
    "observer_schema_version": 1,
    "pid": 89607,
    "plan_id": "entitlement-diff:ej",
    "predicate": "((eventMessage CONTAINS[c] \"Sandbox: ProbeService_minimal(89607)\") OR ((eventMessage CONTAINS[c] \"deny\") AND (eventMessage CONTAINS[c] \"89607\")))",
    "process_name": "ProbeService_minimal",
    "row_id": "bookmark_roundtrip.minimal.capabilities_snapshot",
    "start": "2025-12-25 13:08:25"
  },
  "generated_at_unix_ms": 1766696911120,
  "kind": "sandbox_log_observer_report",
  "result": {
    "errno": null,
    "error": null,
    "exit_code": 0,
    "normalized_outcome": null,
    "ok": true,
    "rc": null,
    "stderr": null,
    "stdout": null
  },
  "schema_version": 1
}
