{
  "data": {
    "correlation_id": "2472B3D7-F4CD-42BC-B347-0BBF9F17754E",
    "deny_lines": [],
    "duration_ms": null,
    "end": "2025-12-25 12:59:18",
    "last": null,
    "layer_attribution": {
      "seatbelt": "observer_only"
    },
    "log_error": null,
    "log_rc": 0,
    "log_stderr": "",
    "log_stdout": "Timestamp                       (process)[PID]    ",
    "log_truncated": false,
    "mode": "show",
    "observed_deny": false,
    "observed_lines": 1,
    "observer_schema_version": 1,
    "pid": 87110,
    "plan_id": "entitlement-diff:ej",
    "predicate": "((eventMessage CONTAINS[c] \"Sandbox: ProbeService_downloads_rw(87110)\") OR ((eventMessage CONTAINS[c] \"deny\") AND (eventMessage CONTAINS[c] \"87110\")))",
    "process_name": "ProbeService_downloads_rw",
    "row_id": "downloads.downloads_rw.capabilities_snapshot",
    "start": "2025-12-25 12:59:08"
  },
  "generated_at_unix_ms": 1766696353596,
  "kind": "sandbox_log_observer_report",
  "result": {
    "errno": null,
    "error": null,
    "exit_code": 0,
    "normalized_outcome": null,
    "ok": true,
    "rc": null,
    "stderr": null,
    "stdout": null
  },
  "schema_version": 1
}
