{
  "data": {
    "correlation_id": "D8004BA7-9D6E-4423-BA14-CD86B1D93A9C",
    "deny_lines": [],
    "duration_ms": null,
    "end": "2025-12-25 12:59:20",
    "last": null,
    "layer_attribution": {
      "seatbelt": "observer_only"
    },
    "log_error": null,
    "log_rc": 0,
    "log_stderr": "",
    "log_stdout": "Timestamp                       (process)[PID]    ",
    "log_truncated": false,
    "mode": "show",
    "observed_deny": false,
    "observed_lines": 1,
    "observer_schema_version": 1,
    "pid": 87122,
    "plan_id": "entitlement-diff:ej",
    "predicate": "((eventMessage CONTAINS[c] \"Sandbox: ProbeService_downloads_rw(87122)\") OR ((eventMessage CONTAINS[c] \"deny\") AND (eventMessage CONTAINS[c] \"87122\")))",
    "process_name": "ProbeService_downloads_rw",
    "row_id": "downloads.downloads_rw.fs_listdir",
    "start": "2025-12-25 12:59:10"
  },
  "generated_at_unix_ms": 1766696356350,
  "kind": "sandbox_log_observer_report",
  "result": {
    "errno": null,
    "error": null,
    "exit_code": 0,
    "normalized_outcome": null,
    "ok": true,
    "rc": null,
    "stderr": null,
    "stdout": null
  },
  "schema_version": 1
}
