{
  "data": {
    "correlation_id": "80A0B8D3-30D0-46B5-B19A-03EF7AC52AAC",
    "deny_lines": [],
    "duration_ms": null,
    "end": "2025-12-25 13:09:20",
    "last": null,
    "layer_attribution": {
      "seatbelt": "observer_only"
    },
    "log_error": null,
    "log_rc": 0,
    "log_stderr": "",
    "log_stdout": "Timestamp                       (process)[PID]    ",
    "log_truncated": false,
    "mode": "show",
    "observed_deny": false,
    "observed_lines": 1,
    "observer_schema_version": 1,
    "pid": 89845,
    "plan_id": "entitlement-diff:ej",
    "predicate": "((eventMessage CONTAINS[c] \"Sandbox: ProbeService_downloads_rw(89845)\") OR ((eventMessage CONTAINS[c] \"deny\") AND (eventMessage CONTAINS[c] \"89845\")))",
    "process_name": "ProbeService_downloads_rw",
    "row_id": "fs_coord.downloads_rw.write",
    "start": "2025-12-25 13:09:10"
  },
  "generated_at_unix_ms": 1766696955609,
  "kind": "sandbox_log_observer_report",
  "result": {
    "errno": null,
    "error": null,
    "exit_code": 0,
    "normalized_outcome": null,
    "ok": true,
    "rc": null,
    "stderr": null,
    "stdout": null
  },
  "schema_version": 1
}
