{
  "data": {
    "correlation_id": "8E9D829D-3914-4DD4-AEC2-50BB5E403297",
    "deny_lines": [],
    "duration_ms": null,
    "end": "2025-12-25 13:08:59",
    "last": null,
    "layer_attribution": {
      "seatbelt": "observer_only"
    },
    "log_error": null,
    "log_rc": 0,
    "log_stderr": "",
    "log_stdout": "Timestamp                       (process)[PID]    ",
    "log_truncated": false,
    "mode": "show",
    "observed_deny": false,
    "observed_lines": 1,
    "observer_schema_version": 1,
    "pid": 89749,
    "plan_id": "entitlement-diff:ej",
    "predicate": "((eventMessage CONTAINS[c] \"Sandbox: ProbeService_minimal(89749)\") OR ((eventMessage CONTAINS[c] \"deny\") AND (eventMessage CONTAINS[c] \"89749\")))",
    "process_name": "ProbeService_minimal",
    "row_id": "fs_xattr.minimal.set",
    "start": "2025-12-25 13:08:49"
  },
  "generated_at_unix_ms": 1766696935535,
  "kind": "sandbox_log_observer_report",
  "result": {
    "errno": null,
    "error": null,
    "exit_code": 0,
    "normalized_outcome": null,
    "ok": true,
    "rc": null,
    "stderr": null,
    "stdout": null
  },
  "schema_version": 1
}
