{
  "data": {
    "correlation_id": "1D5445A5-745B-475A-A8AE-F9236996F6EF",
    "deny_lines": [],
    "duration_ms": null,
    "end": "2025-12-25 13:08:05",
    "last": null,
    "layer_attribution": {
      "seatbelt": "observer_only"
    },
    "log_error": null,
    "log_rc": 0,
    "log_stderr": "",
    "log_stdout": "Timestamp                       (process)[PID]    ",
    "log_truncated": false,
    "mode": "show",
    "observed_deny": false,
    "observed_lines": 1,
    "observer_schema_version": 1,
    "pid": 89153,
    "plan_id": "entitlement-diff:ej",
    "predicate": "((eventMessage CONTAINS[c] \"Sandbox: ProbeService_minimal(89153)\") OR ((eventMessage CONTAINS[c] \"deny\") AND (eventMessage CONTAINS[c] \"89153\")))",
    "process_name": "ProbeService_minimal",
    "row_id": "net_client.minimal.tcp_connect",
    "start": "2025-12-25 13:07:55"
  },
  "generated_at_unix_ms": 1766696881010,
  "kind": "sandbox_log_observer_report",
  "result": {
    "errno": null,
    "error": null,
    "exit_code": 0,
    "normalized_outcome": null,
    "ok": true,
    "rc": null,
    "stderr": null,
    "stdout": null
  },
  "schema_version": 1
}
