{
  "data": {
    "correlation_id": "AA8AA9BA-EC9C-4759-942A-706A744FD774",
    "deny_lines": [],
    "duration_ms": null,
    "end": "2025-12-25 13:08:10",
    "last": null,
    "layer_attribution": {
      "seatbelt": "observer_only"
    },
    "log_error": null,
    "log_rc": 0,
    "log_stderr": "",
    "log_stdout": "Timestamp                       (process)[PID]    ",
    "log_truncated": false,
    "mode": "show",
    "observed_deny": false,
    "observed_lines": 1,
    "observer_schema_version": 1,
    "pid": 89177,
    "plan_id": "entitlement-diff:ej",
    "predicate": "((eventMessage CONTAINS[c] \"Sandbox: ProbeService_net_client(89177)\") OR ((eventMessage CONTAINS[c] \"deny\") AND (eventMessage CONTAINS[c] \"89177\")))",
    "process_name": "ProbeService_net_client",
    "row_id": "net_client.net_client.tcp_connect",
    "start": "2025-12-25 13:08:00"
  },
  "generated_at_unix_ms": 1766696885758,
  "kind": "sandbox_log_observer_report",
  "result": {
    "errno": null,
    "error": null,
    "exit_code": 0,
    "normalized_outcome": null,
    "ok": true,
    "rc": null,
    "stderr": null,
    "stdout": null
  },
  "schema_version": 1
}
