{
  "data": {
    "end": null,
    "last": "10s",
    "layer_attribution": {
      "seatbelt": "observer_only"
    },
    "log_error": null,
    "log_rc": 0,
    "log_stderr": "",
    "log_stdout": "Timestamp                       (process)[PID]    \n2025-12-24 18:04:26.307770-0800  localhost log[43083]: [com.apple.log:] log run noninteractively, parent: 43082 (sandbox-log-observer), args: '/usr/bin/log' 'show' '--style' 'syslog' '--info' '--debug' '--last' '10s' '--predicate' '((eventMessage CONTAINS[c] \"Sandbox: ProbeService_fully_injectable(43081)\") OR ((eventMessage C",
    "observed_deny": false,
    "observed_lines": 2,
    "pid": 43081,
    "predicate": "((eventMessage CONTAINS[c] \"Sandbox: ProbeService_fully_injectable(43081)\") OR ((eventMessage CONTAINS[c] \"deny\") AND (eventMessage CONTAINS[c] \"43081\")))",
    "process_name": "ProbeService_fully_injectable",
    "start": null
  },
  "generated_at_unix_ms": 1766628266451,
  "kind": "sandbox_log_observer_report",
  "result": {
    "errno": null,
    "error": null,
    "exit_code": 0,
    "normalized_outcome": null,
    "ok": true,
    "rc": null,
    "stderr": null,
    "stdout": null
  },
  "schema_version": 1
}
