{
  "data": {
    "correlation_id": "25013638-AE0C-4AC4-BEF6-9F125E3E63D9",
    "deny_lines": [],
    "duration_ms": null,
    "end": "2025-12-25 13:08:55",
    "last": null,
    "layer_attribution": {
      "seatbelt": "observer_only"
    },
    "log_error": null,
    "log_rc": 0,
    "log_stderr": "",
    "log_stdout": "Timestamp                       (process)[PID]    ",
    "log_truncated": false,
    "mode": "show",
    "observed_deny": false,
    "observed_lines": 1,
    "observer_schema_version": 1,
    "pid": 89731,
    "plan_id": "entitlement-diff:ej",
    "predicate": "((eventMessage CONTAINS[c] \"Sandbox: ProbeService_minimal(89731)\") OR ((eventMessage CONTAINS[c] \"deny\") AND (eventMessage CONTAINS[c] \"89731\")))",
    "process_name": "ProbeService_minimal",
    "row_id": "userdefaults.minimal.remove",
    "start": "2025-12-25 13:08:45"
  },
  "generated_at_unix_ms": 1766696931233,
  "kind": "sandbox_log_observer_report",
  "result": {
    "errno": null,
    "error": null,
    "exit_code": 0,
    "normalized_outcome": null,
    "ok": true,
    "rc": null,
    "stderr": null,
    "stdout": null
  },
  "schema_version": 1
}
