{
  "data": {
    "correlation_id": "FF71A18B-9A22-4CE5-8339-9CE79C676714",
    "deny_lines": [],
    "duration_ms": null,
    "end": "2025-12-25 13:08:52",
    "last": null,
    "layer_attribution": {
      "seatbelt": "observer_only"
    },
    "log_error": null,
    "log_rc": 0,
    "log_stderr": "",
    "log_stdout": "Timestamp                       (process)[PID]    ",
    "log_truncated": false,
    "mode": "show",
    "observed_deny": false,
    "observed_lines": 1,
    "observer_schema_version": 1,
    "pid": 89718,
    "plan_id": "entitlement-diff:ej",
    "predicate": "((eventMessage CONTAINS[c] \"Sandbox: ProbeService_minimal(89718)\") OR ((eventMessage CONTAINS[c] \"deny\") AND (eventMessage CONTAINS[c] \"89718\")))",
    "process_name": "ProbeService_minimal",
    "row_id": "userdefaults.minimal.write",
    "start": "2025-12-25 13:08:42"
  },
  "generated_at_unix_ms": 1766696928380,
  "kind": "sandbox_log_observer_report",
  "result": {
    "errno": null,
    "error": null,
    "exit_code": 0,
    "normalized_outcome": null,
    "ok": true,
    "rc": null,
    "stderr": null,
    "stdout": null
  },
  "schema_version": 1
}
