{
  "data": {
    "correlation_id": "D5AEB065-B02E-4352-8880-8F3CD9F999B5",
    "deny_lines": [],
    "duration_ms": null,
    "end": "2025-12-25 12:58:53",
    "last": null,
    "layer_attribution": {
      "seatbelt": "observer_only"
    },
    "log_error": null,
    "log_rc": 0,
    "log_stderr": "",
    "log_stdout": "Timestamp                       (process)[PID]    ",
    "log_truncated": false,
    "mode": "show",
    "observed_deny": false,
    "observed_lines": 1,
    "observer_schema_version": 1,
    "pid": 86900,
    "plan_id": "entitlement-diff:ej",
    "predicate": "((eventMessage CONTAINS[c] \"Sandbox: ProbeService_minimal(86900)\") OR ((eventMessage CONTAINS[c] \"deny\") AND (eventMessage CONTAINS[c] \"86900\")))",
    "process_name": "ProbeService_minimal",
    "row_id": "wait_path_class.minimal.path_class",
    "start": "2025-12-25 12:58:43"
  },
  "generated_at_unix_ms": 1766696329316,
  "kind": "sandbox_log_observer_report",
  "result": {
    "errno": null,
    "error": null,
    "exit_code": 0,
    "normalized_outcome": null,
    "ok": true,
    "rc": null,
    "stderr": null,
    "stdout": null
  },
  "schema_version": 1
}
