{
  "data": {
    "correlation_id": "3C2065DF-F80A-4116-B0B2-406881A90071",
    "deny_lines": [],
    "duration_ms": null,
    "end": "2025-12-25 13:49:01",
    "last": null,
    "layer_attribution": {
      "seatbelt": "observer_only"
    },
    "log_error": null,
    "log_rc": 0,
    "log_stderr": "",
    "log_stdout": "Timestamp                       (process)[PID]    ",
    "log_truncated": false,
    "mode": "show",
    "observed_deny": false,
    "observed_lines": 1,
    "observer_schema_version": 1,
    "pid": 97195,
    "plan_id": "entitlement-diff:ej",
    "predicate": "((eventMessage CONTAINS[c] \"Sandbox: ProbeService_minimal(97195)\") OR ((eventMessage CONTAINS[c] \"deny\") AND (eventMessage CONTAINS[c] \"97195\")))",
    "process_name": "ProbeService_minimal",
    "row_id": "wait_attach.minimal.capabilities_snapshot",
    "start": "2025-12-25 13:48:51"
  },
  "generated_at_unix_ms": 1766699337061,
  "kind": "sandbox_log_observer_report",
  "result": {
    "errno": null,
    "error": null,
    "exit_code": 0,
    "normalized_outcome": null,
    "ok": true,
    "rc": null,
    "stderr": null,
    "stdout": null
  },
  "schema_version": 1
}
