{
  "data": {
    "argv": [],
    "correlation_id": "7BFE50E5-8854-444B-A6A1-D679D34294B2",
    "details": {
      "app_support_dir": "/Users/achyland/Library/Containers/com.yourteam.policy-witness.ProbeService_minimal/Data/Library/Application Support",
      "bundle_id": "com.yourteam.policy-witness.ProbeService_minimal",
      "caches_dir": "/Users/achyland/Library/Containers/com.yourteam.policy-witness.ProbeService_minimal/Data/Library/Caches",
      "correlation_id": "7BFE50E5-8854-444B-A6A1-D679D34294B2",
      "cwd": "/Users/achyland/Library/Containers/com.yourteam.policy-witness.ProbeService_minimal/Data",
      "desktop_dir": "/Users/achyland/Library/Containers/com.yourteam.policy-witness.ProbeService_minimal/Data/Desktop",
      "documents_dir": "/Users/achyland/Library/Containers/com.yourteam.policy-witness.ProbeService_minimal/Data/Documents",
      "downloads_dir": "/Users/achyland/Library/Containers/com.yourteam.policy-witness.ProbeService_minimal/Data/Downloads",
      "file_path": "/Users/achyland/Library/Containers/com.yourteam.policy-witness.ProbeService_minimal/Data/Library/Preferences/com.yourteam.policy-witness.ProbeService_minimal.plist",
      "has_allow_dyld_env": "false",
      "has_allow_jit": "false",
      "has_allow_unsigned_exec_mem": "false",
      "has_app_sandbox": "true",
      "has_bookmarks_app_scope": "false",
      "has_disable_library_validation": "false",
      "has_downloads_rw": "false",
      "has_get_task_allow": "false",
      "has_network_client": "false",
      "has_user_selected_executable": "false",
      "has_user_selected_read_only": "false",
      "has_user_selected_read_write": "false",
      "home_dir": "/Users/achyland/Library/Containers/com.yourteam.policy-witness.ProbeService_minimal/Data",
      "pid": "5460",
      "prefs_path_guess": "/Users/achyland/Library/Containers/com.yourteam.policy-witness.ProbeService_minimal/Data/Library/Preferences/com.yourteam.policy-witness.ProbeService_minimal.plist",
      "probe_family": "capabilities_snapshot",
      "probe_pid": "5460",
      "process_name": "ProbeService_minimal",
      "service_pid": "5460",
      "session_token": "87B5AB87-65A9-4CBB-916A-153A56907EAC",
      "tmp_dir": "/Users/achyland/Library/Containers/com.yourteam.policy-witness.ProbeService_minimal/Data/tmp/"
    },
    "ended_at_iso8601": "2026-01-03T22:36:36.700Z",
    "layer_attribution": {
      "world_shape_change": "home_containerized"
    },
    "normalized_outcome": "ok",
    "plan_id": "frida-testing:witness-frida",
    "probe_id": "capabilities_snapshot",
    "rc": 0,
    "row_id": "frida-testing:witness-frida.8d1056f0-25b7-416c-89c0-629a93a38322.capabilities_snapshot",
    "schema_version": 1,
    "service_build": "2",
    "service_bundle_id": "com.yourteam.policy-witness.ProbeService_minimal",
    "service_name": "ProbeService_minimal",
    "service_version": "2.0.0",
    "started_at_iso8601": "2026-01-03T22:36:36.699Z",
    "stderr": "",
    "stdout": "",
    "thread_id": "6151"
  },
  "generated_at_unix_ms": 1767479796703,
  "kind": "probe_response",
  "result": {
    "exit_code": 0,
    "normalized_outcome": "ok",
    "ok": true,
    "rc": 0
  },
  "schema_version": 1
}
