{
  "data": {
    "argv": [],
    "correlation_id": "18A3033C-C353-4709-BA71-AE4B5EFD45B1",
    "details": {
      "app_support_dir": "/Users/achyland/Library/Containers/com.yourteam.policy-witness.ProbeService_minimal/Data/Library/Application Support",
      "bundle_id": "com.yourteam.policy-witness.ProbeService_minimal",
      "caches_dir": "/Users/achyland/Library/Containers/com.yourteam.policy-witness.ProbeService_minimal/Data/Library/Caches",
      "correlation_id": "18A3033C-C353-4709-BA71-AE4B5EFD45B1",
      "cwd": "/Users/achyland/Library/Containers/com.yourteam.policy-witness.ProbeService_minimal/Data",
      "desktop_dir": "/Users/achyland/Library/Containers/com.yourteam.policy-witness.ProbeService_minimal/Data/Desktop",
      "documents_dir": "/Users/achyland/Library/Containers/com.yourteam.policy-witness.ProbeService_minimal/Data/Documents",
      "downloads_dir": "/Users/achyland/Library/Containers/com.yourteam.policy-witness.ProbeService_minimal/Data/Downloads",
      "file_path": "/Users/achyland/Library/Containers/com.yourteam.policy-witness.ProbeService_minimal/Data/Library/Preferences/com.yourteam.policy-witness.ProbeService_minimal.plist",
      "has_allow_dyld_env": "false",
      "has_allow_jit": "false",
      "has_allow_unsigned_exec_mem": "false",
      "has_app_sandbox": "true",
      "has_bookmarks_app_scope": "false",
      "has_disable_library_validation": "false",
      "has_downloads_rw": "false",
      "has_get_task_allow": "false",
      "has_network_client": "false",
      "has_user_selected_executable": "false",
      "has_user_selected_read_only": "false",
      "has_user_selected_read_write": "false",
      "home_dir": "/Users/achyland/Library/Containers/com.yourteam.policy-witness.ProbeService_minimal/Data",
      "pid": "10027",
      "prefs_path_guess": "/Users/achyland/Library/Containers/com.yourteam.policy-witness.ProbeService_minimal/Data/Library/Preferences/com.yourteam.policy-witness.ProbeService_minimal.plist",
      "probe_family": "capabilities_snapshot",
      "probe_pid": "10027",
      "process_name": "ProbeService_minimal",
      "service_pid": "10027",
      "session_token": "3D826C6E-4693-4613-98C6-EE304ADD7FDF",
      "tmp_dir": "/Users/achyland/Library/Containers/com.yourteam.policy-witness.ProbeService_minimal/Data/tmp/"
    },
    "ended_at_iso8601": "2026-01-03T22:59:04.970Z",
    "layer_attribution": {
      "world_shape_change": "home_containerized"
    },
    "normalized_outcome": "ok",
    "plan_id": "frida-testing:witness-frida",
    "probe_id": "capabilities_snapshot",
    "rc": 0,
    "row_id": "frida-testing:witness-frida.0e07fb6c-d7f2-4401-af2b-904ff88891fa.capabilities_snapshot",
    "schema_version": 1,
    "service_build": "2",
    "service_bundle_id": "com.yourteam.policy-witness.ProbeService_minimal",
    "service_name": "ProbeService_minimal",
    "service_version": "2.0.0",
    "started_at_iso8601": "2026-01-03T22:59:04.969Z",
    "stderr": "",
    "stdout": "",
    "thread_id": "6151"
  },
  "generated_at_unix_ms": 1767481144973,
  "kind": "probe_response",
  "result": {
    "exit_code": 0,
    "normalized_outcome": "ok",
    "ok": true,
    "rc": 0
  },
  "schema_version": 1
}
