Filtering the log data using "(processIdentifier == 0 AND senderImagePath CONTAINS "/Sandbox") OR subsystem == "com.apple.sandbox.reporting" OR sender == "Sandbox""
[{
  "timezoneName" : "",
  "messageType" : "Debug",
  "eventType" : "logEvent",
  "source" : null,
  "formatString" : "Sandbox apply: %s[%d] %s",
  "userID" : 0,
  "activityIdentifier" : 0,
  "subsystem" : "",
  "category" : "",
  "threadID" : 21168901,
  "senderImageUUID" : "274C4541-1E1C-3002-9418-7532DA123B8B",
  "backtrace" : {
    "frames" : [
      {
        "imageOffset" : 44236,
        "imageUUID" : "274C4541-1E1C-3002-9418-7532DA123B8B"
      }
    ]
  },
  "bootUUID" : "",
  "processImagePath" : "\/kernel",
  "senderImagePath" : "\/System\/Library\/Extensions\/Sandbox.kext\/Contents\/MacOS\/Sandbox",
  "timestamp" : "2025-12-25 14:42:08.369342-0800",
  "machTimestamp" : 82274248779314,
  "eventMessage" : "Sandbox apply: sandbox-exec[31094] <bytes>",
  "processImageUUID" : "81DAE146-7A58-3A72-839B-E0840E1CC03A",
  "traceID" : 632202006626820,
  "processID" : 0,
  "senderProgramCounter" : 44236,
  "parentActivityIdentifier" : 0
},{
  "timezoneName" : "",
  "messageType" : "Error",
  "eventType" : "logEvent",
  "source" : null,
  "formatString" : "%s",
  "userID" : 0,
  "activityIdentifier" : 0,
  "subsystem" : "",
  "category" : "",
  "threadID" : 21166417,
  "senderImageUUID" : "274C4541-1E1C-3002-9418-7532DA123B8B",
  "backtrace" : {
    "frames" : [
      {
        "imageOffset" : 149364,
        "imageUUID" : "274C4541-1E1C-3002-9418-7532DA123B8B"
      }
    ]
  },
  "bootUUID" : "",
  "processImagePath" : "\/kernel",
  "senderImagePath" : "\/System\/Library\/Extensions\/Sandbox.kext\/Contents\/MacOS\/Sandbox",
  "timestamp" : "2025-12-25 14:42:09.584472-0800",
  "machTimestamp" : 82274277943453,
  "eventMessage" : "5 duplicate reports for Sandbox: sandbox_net_required(31094) deny(1) ipc-posix-shm-read-data apple.shm.notification_center",
  "processImageUUID" : "81DAE146-7A58-3A72-839B-E0840E1CC03A",
  "traceID" : 639168443584516,
  "processID" : 0,
  "senderProgramCounter" : 149364,
  "parentActivityIdentifier" : 0
},{
  "timezoneName" : "",
  "messageType" : "Error",
  "eventType" : "logEvent",
  "source" : null,
  "formatString" : "%s",
  "userID" : 0,
  "activityIdentifier" : 0,
  "subsystem" : "",
  "category" : "",
  "threadID" : 21166417,
  "senderImageUUID" : "274C4541-1E1C-3002-9418-7532DA123B8B",
  "backtrace" : {
    "frames" : [
      {
        "imageOffset" : 149364,
        "imageUUID" : "274C4541-1E1C-3002-9418-7532DA123B8B"
      }
    ]
  },
  "bootUUID" : "",
  "processImagePath" : "\/kernel",
  "senderImagePath" : "\/System\/Library\/Extensions\/Sandbox.kext\/Contents\/MacOS\/Sandbox",
  "timestamp" : "2025-12-25 14:42:09.584497-0800",
  "machTimestamp" : 82274277944039,
  "eventMessage" : "Sandbox: mlhostd(79785) deny(1) mach-lookup com.apple.SystemConfiguration.configd",
  "processImageUUID" : "81DAE146-7A58-3A72-839B-E0840E1CC03A",
  "traceID" : 639168443584516,
  "processID" : 0,
  "senderProgramCounter" : 149364,
  "parentActivityIdentifier" : 0
}