Filtering the log data using "(processIdentifier == 0 AND senderImagePath CONTAINS "/Sandbox") OR subsystem == "com.apple.sandbox.reporting" OR sender == "Sandbox""
[{
  "timezoneName" : "",
  "messageType" : "Debug",
  "eventType" : "logEvent",
  "source" : null,
  "formatString" : "Sandbox apply: %s[%d] %s",
  "userID" : 0,
  "activityIdentifier" : 0,
  "subsystem" : "",
  "category" : "",
  "threadID" : 21264000,
  "senderImageUUID" : "274C4541-1E1C-3002-9418-7532DA123B8B",
  "backtrace" : {
    "frames" : [
      {
        "imageOffset" : 44236,
        "imageUUID" : "274C4541-1E1C-3002-9418-7532DA123B8B"
      }
    ]
  },
  "bootUUID" : "",
  "processImagePath" : "\/kernel",
  "senderImagePath" : "\/System\/Library\/Extensions\/Sandbox.kext\/Contents\/MacOS\/Sandbox",
  "timestamp" : "2025-12-25 14:54:53.247064-0800",
  "machTimestamp" : 82292606729128,
  "eventMessage" : "Sandbox apply: sandbox-exec[49543] <bytes>",
  "processImageUUID" : "81DAE146-7A58-3A72-839B-E0840E1CC03A",
  "traceID" : 632202006626820,
  "processID" : 0,
  "senderProgramCounter" : 44236,
  "parentActivityIdentifier" : 0
},{
  "timezoneName" : "",
  "messageType" : "Error",
  "eventType" : "logEvent",
  "source" : null,
  "formatString" : "%s",
  "userID" : 0,
  "activityIdentifier" : 0,
  "subsystem" : "",
  "category" : "",
  "threadID" : 21260466,
  "senderImageUUID" : "274C4541-1E1C-3002-9418-7532DA123B8B",
  "backtrace" : {
    "frames" : [
      {
        "imageOffset" : 149364,
        "imageUUID" : "274C4541-1E1C-3002-9418-7532DA123B8B"
      }
    ]
  },
  "bootUUID" : "",
  "processImagePath" : "\/kernel",
  "senderImagePath" : "\/System\/Library\/Extensions\/Sandbox.kext\/Contents\/MacOS\/Sandbox",
  "timestamp" : "2025-12-25 14:54:53.249206-0800",
  "machTimestamp" : 82292606780536,
  "eventMessage" : "3 duplicate reports for Sandbox: sandbox_target(49543) deny(1) ipc-posix-shm-read-data apple.shm.notification_center",
  "processImageUUID" : "81DAE146-7A58-3A72-839B-E0840E1CC03A",
  "traceID" : 639168443584516,
  "processID" : 0,
  "senderProgramCounter" : 149364,
  "parentActivityIdentifier" : 0
},{
  "timezoneName" : "",
  "messageType" : "Error",
  "eventType" : "logEvent",
  "source" : null,
  "formatString" : "%s",
  "userID" : 0,
  "activityIdentifier" : 0,
  "subsystem" : "",
  "category" : "",
  "threadID" : 21264001,
  "senderImageUUID" : "274C4541-1E1C-3002-9418-7532DA123B8B",
  "backtrace" : {
    "frames" : [
      {
        "imageOffset" : 149364,
        "imageUUID" : "274C4541-1E1C-3002-9418-7532DA123B8B"
      }
    ]
  },
  "bootUUID" : "",
  "processImagePath" : "\/kernel",
  "senderImagePath" : "\/System\/Library\/Extensions\/Sandbox.kext\/Contents\/MacOS\/Sandbox",
  "timestamp" : "2025-12-25 14:54:53.250264-0800",
  "machTimestamp" : 82292606805914,
  "eventMessage" : "Sandbox: sandbox_target(49543) deny(1) file-read-data \/private\/var\/db\/timezone\/tz\/2025b.1.0\/zoneinfo\/UTC",
  "processImageUUID" : "81DAE146-7A58-3A72-839B-E0840E1CC03A",
  "traceID" : 639168443584516,
  "processID" : 0,
  "senderProgramCounter" : 149364,
  "parentActivityIdentifier" : 0
},{
  "timezoneName" : "",
  "messageType" : "Error",
  "eventType" : "logEvent",
  "source" : null,
  "formatString" : "%s",
  "userID" : 0,
  "activityIdentifier" : 0,
  "subsystem" : "",
  "category" : "",
  "threadID" : 21264001,
  "senderImageUUID" : "274C4541-1E1C-3002-9418-7532DA123B8B",
  "backtrace" : {
    "frames" : [
      {
        "imageOffset" : 149364,
        "imageUUID" : "274C4541-1E1C-3002-9418-7532DA123B8B"
      }
    ]
  },
  "bootUUID" : "",
  "processImagePath" : "\/kernel",
  "senderImagePath" : "\/System\/Library\/Extensions\/Sandbox.kext\/Contents\/MacOS\/Sandbox",
  "timestamp" : "2025-12-25 14:54:53.250287-0800",
  "machTimestamp" : 82292606806472,
  "eventMessage" : "Sandbox: sandbox_target(49543) deny(1) file-read-data \/private\/var\/db\/timezone\/tz\/2025b.1.0\/zoneinfo\/posixrules",
  "processImageUUID" : "81DAE146-7A58-3A72-839B-E0840E1CC03A",
  "traceID" : 639168443584516,
  "processID" : 0,
  "senderProgramCounter" : 149364,
  "parentActivityIdentifier" : 0
},{
  "timezoneName" : "",
  "messageType" : "Error",
  "eventType" : "logEvent",
  "source" : null,
  "formatString" : "%s",
  "userID" : 0,
  "activityIdentifier" : 0,
  "subsystem" : "",
  "category" : "",
  "threadID" : 21264001,
  "senderImageUUID" : "274C4541-1E1C-3002-9418-7532DA123B8B",
  "backtrace" : {
    "frames" : [
      {
        "imageOffset" : 149364,
        "imageUUID" : "274C4541-1E1C-3002-9418-7532DA123B8B"
      }
    ]
  },
  "bootUUID" : "",
  "processImagePath" : "\/kernel",
  "senderImagePath" : "\/System\/Library\/Extensions\/Sandbox.kext\/Contents\/MacOS\/Sandbox",
  "timestamp" : "2025-12-25 14:54:53.250331-0800",
  "machTimestamp" : 82292606807525,
  "eventMessage" : "Sandbox: sandbox_target(49543) deny(1) ipc-posix-shm-read-data apple.shm.notification_center",
  "processImageUUID" : "81DAE146-7A58-3A72-839B-E0840E1CC03A",
  "traceID" : 639168443584516,
  "processID" : 0,
  "senderProgramCounter" : 149364,
  "parentActivityIdentifier" : 0
},{
  "timezoneName" : "",
  "messageType" : "Error",
  "eventType" : "logEvent",
  "source" : null,
  "formatString" : "%s",
  "userID" : 0,
  "activityIdentifier" : 0,
  "subsystem" : "",
  "category" : "",
  "threadID" : 21264001,
  "senderImageUUID" : "274C4541-1E1C-3002-9418-7532DA123B8B",
  "backtrace" : {
    "frames" : [
      {
        "imageOffset" : 149364,
        "imageUUID" : "274C4541-1E1C-3002-9418-7532DA123B8B"
      }
    ]
  },
  "bootUUID" : "",
  "processImagePath" : "\/kernel",
  "senderImagePath" : "\/System\/Library\/Extensions\/Sandbox.kext\/Contents\/MacOS\/Sandbox",
  "timestamp" : "2025-12-25 14:54:53.251090-0800",
  "machTimestamp" : 82292606825734,
  "eventMessage" : "Sandbox: sandbox_target(49543) deny(1) file-write-create \/Users\/achyland\/Desktop\/VM-BRIDGE\/SANDBOX_LORE\/book\/experiments\/shrink-trace\/out\/matrix\/sandbox_target_dyld0_netparsed_streak3\/out\/hello.txt",
  "processImageUUID" : "81DAE146-7A58-3A72-839B-E0840E1CC03A",
  "traceID" : 639168443584516,
  "processID" : 0,
  "senderProgramCounter" : 149364,
  "parentActivityIdentifier" : 0
},{
  "timezoneName" : "",
  "messageType" : "Error",
  "eventType" : "logEvent",
  "source" : null,
  "formatString" : "%s",
  "userID" : 0,
  "activityIdentifier" : 0,
  "subsystem" : "com.apple.sandbox.reporting",
  "category" : "violation",
  "threadID" : 21263598,
  "senderImageUUID" : "39067119-E072-360A-B923-8A0453C4E35D",
  "backtrace" : {
    "frames" : [
      {
        "imageOffset" : 168796,
        "imageUUID" : "39067119-E072-360A-B923-8A0453C4E35D"
      }
    ]
  },
  "bootUUID" : "",
  "processImagePath" : "\/usr\/libexec\/sandboxd",
  "senderImagePath" : "\/usr\/libexec\/sandboxd",
  "timestamp" : "2025-12-25 14:54:53.252330-0800",
  "machTimestamp" : 82292606855522,
  "eventMessage" : "Sandbox: sandbox_target(49543) deny(1) mach-lookup com.apple.logd\nViolation:       deny(1) mach-lookup com.apple.logd\nProcess:         sandbox_target [49543]\nPath:            \/Users\/achyland\/Desktop\/VM-BRIDGE\/SANDBOX_LORE\/book\/experiments\/shrink-trace\/out\/matrix\/sandbox_target_dyld0_netparsed_streak3\/artifacts\/bin\/sandbox_target\nLoad Address:    0x1024e0000\nIdentifier:      ???\nVersion:         ??? (???)\nCode Type:       arm64 (Native)\nParent Process:  sandbox_target [49383]\nResponsible:     \/System\/Applications\/Utilities\/Terminal.app\/Contents\/MacOS\/Terminal\nUser ID:         501\n\nDate\/Time:       2025-12-25 14:54:53.251 PST\nOS Version:      macOS 14.4.1 (23E224)\nRelease Type:    User\nReport Version:  8\n\nMetaData: {\"primary-filter\":\"global-name\",\"checker-pid\":1,\"platform_binary\":\"no\",\"mach_namespace\":1,\"uid\":501,\"sandbox_checker\":\"launchd\",\"target\":\"com.apple.logd\",\"operation\":\"mach-lookup\",\"flags\":5,\"hardware\":\"J313\",\"profile-in-collection\":false,\"profile-flags\":0,\"responsible-process-signing-id\":\"com.apple.Terminal\",\"responsible-process-path\":\"\\\/System\\\/Applications\\\/Utilities\\\/Terminal.app\\\/Contents\\\/MacOS\\\/Terminal\",\"errno\":1,\"summary\":\"deny(1) mach-lookup com.apple.logd\",\"platform-policy\":false,\"primary-filter-value\":\"com.apple.logd\",\"action\":\"deny\",\"binary-in-trust-cache\":false,\"process\":\"sandbox_target\",\"pid\":49543,\"policy-description\":\"Sandbox\",\"checker\":\"launchd\",\"signing-id\":\"sandbox_target\",\"process-path\":\"\\\/Users\\\/achyland\\\/Desktop\\\/VM-BRIDGE\\\/SANDBOX_LORE\\\/book\\\/experiments\\\/shrink-trace\\\/out\\\/matrix\\\/sandbox_target_dyld0_netparsed_streak3\\\/artifacts\\\/bin\\\/sandbox_target\",\"process_path\":[\"Users\",\"achyland\",\"Desktop\",\"VM-BRIDGE\",\"SANDBOX_LORE\",\"book\",\"experiments\",\"shrink-trace\",\"out\",\"matrix\",\"sandbox_target_dyld0_netparsed_streak3\",\"artifacts\",\"bin\",\"sandbox_target\"],\"apple-internal\":false,\"normalized_target\":[\"com.apple.logd\"],\"global-name\":\"com.apple.logd\",\"platform-binary\":false,\"build\":\"macOS 14.4.1 (23E224)\",\"release-type\":\"User\"}\n\nFailed to symbolicate: NULL symbolicator",
  "processImageUUID" : "39067119-E072-360A-B923-8A0453C4E35D",
  "traceID" : 1235413150863364,
  "processID" : 65126,
  "senderProgramCounter" : 168796,
  "parentActivityIdentifier" : 0
},{
  "timezoneName" : "",
  "messageType" : "Debug",
  "eventType" : "logEvent",
  "source" : null,
  "formatString" : "Sandbox apply: %s[%d] %s",
  "userID" : 0,
  "activityIdentifier" : 0,
  "subsystem" : "",
  "category" : "",
  "threadID" : 21264020,
  "senderImageUUID" : "274C4541-1E1C-3002-9418-7532DA123B8B",
  "backtrace" : {
    "frames" : [
      {
        "imageOffset" : 44236,
        "imageUUID" : "274C4541-1E1C-3002-9418-7532DA123B8B"
      }
    ]
  },
  "bootUUID" : "",
  "processImagePath" : "\/kernel",
  "senderImagePath" : "\/System\/Library\/Extensions\/Sandbox.kext\/Contents\/MacOS\/Sandbox",
  "timestamp" : "2025-12-25 14:54:56.805892-0800",
  "machTimestamp" : 82292692144088,
  "eventMessage" : "Sandbox apply: mdworker_shared[49545] <bytes>",
  "processImageUUID" : "81DAE146-7A58-3A72-839B-E0840E1CC03A",
  "traceID" : 632202006626820,
  "processID" : 0,
  "senderProgramCounter" : 44236,
  "parentActivityIdentifier" : 0
},{
  "timezoneName" : "",
  "messageType" : "Error",
  "eventType" : "logEvent",
  "source" : null,
  "formatString" : "%s",
  "userID" : 0,
  "activityIdentifier" : 0,
  "subsystem" : "",
  "category" : "",
  "threadID" : 21261192,
  "senderImageUUID" : "274C4541-1E1C-3002-9418-7532DA123B8B",
  "backtrace" : {
    "frames" : [
      {
        "imageOffset" : 149364,
        "imageUUID" : "274C4541-1E1C-3002-9418-7532DA123B8B"
      }
    ]
  },
  "bootUUID" : "",
  "processImagePath" : "\/kernel",
  "senderImagePath" : "\/System\/Library\/Extensions\/Sandbox.kext\/Contents\/MacOS\/Sandbox",
  "timestamp" : "2025-12-25 14:54:57.550338-0800",
  "machTimestamp" : 82292710011441,
  "eventMessage" : "Sandbox: mlhostd(79785) deny(1) mach-lookup com.apple.SystemConfiguration.configd",
  "processImageUUID" : "81DAE146-7A58-3A72-839B-E0840E1CC03A",
  "traceID" : 639168443584516,
  "processID" : 0,
  "senderProgramCounter" : 149364,
  "parentActivityIdentifier" : 0
}