Filtering the log data using "(processIdentifier == 0 AND senderImagePath CONTAINS "/Sandbox") OR subsystem == "com.apple.sandbox.reporting" OR sender == "Sandbox""
[{
  "timezoneName" : "",
  "messageType" : "Debug",
  "eventType" : "logEvent",
  "source" : null,
  "formatString" : "Sandbox apply: %s[%d] %s",
  "userID" : 0,
  "activityIdentifier" : 0,
  "subsystem" : "",
  "category" : "",
  "threadID" : 21152893,
  "senderImageUUID" : "274C4541-1E1C-3002-9418-7532DA123B8B",
  "backtrace" : {
    "frames" : [
      {
        "imageOffset" : 44236,
        "imageUUID" : "274C4541-1E1C-3002-9418-7532DA123B8B"
      }
    ]
  },
  "bootUUID" : "",
  "processImagePath" : "\/kernel",
  "senderImagePath" : "\/System\/Library\/Extensions\/Sandbox.kext\/Contents\/MacOS\/Sandbox",
  "timestamp" : "2025-12-25 14:39:51.866065-0800",
  "machTimestamp" : 82270972589320,
  "eventMessage" : "Sandbox apply: sandbox-exec[28445] <bytes>",
  "processImageUUID" : "81DAE146-7A58-3A72-839B-E0840E1CC03A",
  "traceID" : 632202006626820,
  "processID" : 0,
  "senderProgramCounter" : 44236,
  "parentActivityIdentifier" : 0
},{
  "timezoneName" : "",
  "messageType" : "Error",
  "eventType" : "logEvent",
  "source" : null,
  "formatString" : "%s",
  "userID" : 0,
  "activityIdentifier" : 0,
  "subsystem" : "",
  "category" : "",
  "threadID" : 21152894,
  "senderImageUUID" : "274C4541-1E1C-3002-9418-7532DA123B8B",
  "backtrace" : {
    "frames" : [
      {
        "imageOffset" : 149364,
        "imageUUID" : "274C4541-1E1C-3002-9418-7532DA123B8B"
      }
    ]
  },
  "bootUUID" : "",
  "processImagePath" : "\/kernel",
  "senderImagePath" : "\/System\/Library\/Extensions\/Sandbox.kext\/Contents\/MacOS\/Sandbox",
  "timestamp" : "2025-12-25 14:39:51.867468-0800",
  "machTimestamp" : 82270972622994,
  "eventMessage" : "Sandbox: sandbox_net_required(28445) deny(1) file-read-data \/Users\/achyland\/Desktop\/VM-BRIDGE\/SANDBOX_LORE\/book\/experiments\/shrink-trace\/out\/matrix\/sandbox_net_required_dyld0_netdrop_streak3\/artifacts\/bin\/sandbox_net_required",
  "processImageUUID" : "81DAE146-7A58-3A72-839B-E0840E1CC03A",
  "traceID" : 639168443584516,
  "processID" : 0,
  "senderProgramCounter" : 149364,
  "parentActivityIdentifier" : 0
},{
  "timezoneName" : "",
  "messageType" : "Error",
  "eventType" : "logEvent",
  "source" : null,
  "formatString" : "%s",
  "userID" : 0,
  "activityIdentifier" : 0,
  "subsystem" : "",
  "category" : "",
  "threadID" : 21152894,
  "senderImageUUID" : "274C4541-1E1C-3002-9418-7532DA123B8B",
  "backtrace" : {
    "frames" : [
      {
        "imageOffset" : 149364,
        "imageUUID" : "274C4541-1E1C-3002-9418-7532DA123B8B"
      }
    ]
  },
  "bootUUID" : "",
  "processImagePath" : "\/kernel",
  "senderImagePath" : "\/System\/Library\/Extensions\/Sandbox.kext\/Contents\/MacOS\/Sandbox",
  "timestamp" : "2025-12-25 14:39:51.867807-0800",
  "machTimestamp" : 82270972631117,
  "eventMessage" : "Sandbox: sandbox_net_required(28445) deny(1) file-ioctl path:\/dev\/dtracehelper ioctl-command:(_IO \"h\" 4)",
  "processImageUUID" : "81DAE146-7A58-3A72-839B-E0840E1CC03A",
  "traceID" : 639168443584516,
  "processID" : 0,
  "senderProgramCounter" : 149364,
  "parentActivityIdentifier" : 0
},{
  "timezoneName" : "",
  "messageType" : "Error",
  "eventType" : "logEvent",
  "source" : null,
  "formatString" : "%s",
  "userID" : 0,
  "activityIdentifier" : 0,
  "subsystem" : "",
  "category" : "",
  "threadID" : 21152894,
  "senderImageUUID" : "274C4541-1E1C-3002-9418-7532DA123B8B",
  "backtrace" : {
    "frames" : [
      {
        "imageOffset" : 149364,
        "imageUUID" : "274C4541-1E1C-3002-9418-7532DA123B8B"
      }
    ]
  },
  "bootUUID" : "",
  "processImagePath" : "\/kernel",
  "senderImagePath" : "\/System\/Library\/Extensions\/Sandbox.kext\/Contents\/MacOS\/Sandbox",
  "timestamp" : "2025-12-25 14:39:51.868029-0800",
  "machTimestamp" : 82270972636456,
  "eventMessage" : "Sandbox: sandbox_net_required(28445) deny(1) file-read-data \/Users\/achyland\/Desktop\/VM-BRIDGE\/SANDBOX_LORE\/book\/experiments\/shrink-trace\/out\/matrix\/sandbox_net_required_dyld0_netdrop_streak3\/artifacts\/bin\/sandbox_net_required",
  "processImageUUID" : "81DAE146-7A58-3A72-839B-E0840E1CC03A",
  "traceID" : 639168443584516,
  "processID" : 0,
  "senderProgramCounter" : 149364,
  "parentActivityIdentifier" : 0
},{
  "timezoneName" : "",
  "messageType" : "Error",
  "eventType" : "logEvent",
  "source" : null,
  "formatString" : "%s",
  "userID" : 0,
  "activityIdentifier" : 0,
  "subsystem" : "",
  "category" : "",
  "threadID" : 21152894,
  "senderImageUUID" : "274C4541-1E1C-3002-9418-7532DA123B8B",
  "backtrace" : {
    "frames" : [
      {
        "imageOffset" : 149364,
        "imageUUID" : "274C4541-1E1C-3002-9418-7532DA123B8B"
      }
    ]
  },
  "bootUUID" : "",
  "processImagePath" : "\/kernel",
  "senderImagePath" : "\/System\/Library\/Extensions\/Sandbox.kext\/Contents\/MacOS\/Sandbox",
  "timestamp" : "2025-12-25 14:39:51.868593-0800",
  "machTimestamp" : 82270972650003,
  "eventMessage" : "Sandbox: sandbox_net_required(28445) deny(1) network-outbound \/private\/var\/run\/syslog",
  "processImageUUID" : "81DAE146-7A58-3A72-839B-E0840E1CC03A",
  "traceID" : 639168443584516,
  "processID" : 0,
  "senderProgramCounter" : 149364,
  "parentActivityIdentifier" : 0
},{
  "timezoneName" : "",
  "messageType" : "Error",
  "eventType" : "logEvent",
  "source" : null,
  "formatString" : "%s",
  "userID" : 0,
  "activityIdentifier" : 0,
  "subsystem" : "",
  "category" : "",
  "threadID" : 21152894,
  "senderImageUUID" : "274C4541-1E1C-3002-9418-7532DA123B8B",
  "backtrace" : {
    "frames" : [
      {
        "imageOffset" : 149364,
        "imageUUID" : "274C4541-1E1C-3002-9418-7532DA123B8B"
      }
    ]
  },
  "bootUUID" : "",
  "processImagePath" : "\/kernel",
  "senderImagePath" : "\/System\/Library\/Extensions\/Sandbox.kext\/Contents\/MacOS\/Sandbox",
  "timestamp" : "2025-12-25 14:39:51.869133-0800",
  "machTimestamp" : 82270972662964,
  "eventMessage" : "Sandbox: sandbox_net_required(28445) deny(1) ipc-posix-shm-read-data apple.shm.notification_center",
  "processImageUUID" : "81DAE146-7A58-3A72-839B-E0840E1CC03A",
  "traceID" : 639168443584516,
  "processID" : 0,
  "senderProgramCounter" : 149364,
  "parentActivityIdentifier" : 0
},{
  "timezoneName" : "",
  "messageType" : "Error",
  "eventType" : "logEvent",
  "source" : null,
  "formatString" : "%s",
  "userID" : 0,
  "activityIdentifier" : 0,
  "subsystem" : "",
  "category" : "",
  "threadID" : 21149015,
  "senderImageUUID" : "274C4541-1E1C-3002-9418-7532DA123B8B",
  "backtrace" : {
    "frames" : [
      {
        "imageOffset" : 149364,
        "imageUUID" : "274C4541-1E1C-3002-9418-7532DA123B8B"
      }
    ]
  },
  "bootUUID" : "",
  "processImagePath" : "\/kernel",
  "senderImagePath" : "\/System\/Library\/Extensions\/Sandbox.kext\/Contents\/MacOS\/Sandbox",
  "timestamp" : "2025-12-25 14:39:51.869790-0800",
  "machTimestamp" : 82270972678725,
  "eventMessage" : "4 duplicate reports for Sandbox: sandbox_net_required(28445) deny(1) ipc-posix-shm-read-data apple.shm.notification_center",
  "processImageUUID" : "81DAE146-7A58-3A72-839B-E0840E1CC03A",
  "traceID" : 639168443584516,
  "processID" : 0,
  "senderProgramCounter" : 149364,
  "parentActivityIdentifier" : 0
},{
  "timezoneName" : "",
  "messageType" : "Error",
  "eventType" : "logEvent",
  "source" : null,
  "formatString" : "%s",
  "userID" : 0,
  "activityIdentifier" : 0,
  "subsystem" : "",
  "category" : "",
  "threadID" : 21149015,
  "senderImageUUID" : "274C4541-1E1C-3002-9418-7532DA123B8B",
  "backtrace" : {
    "frames" : [
      {
        "imageOffset" : 149364,
        "imageUUID" : "274C4541-1E1C-3002-9418-7532DA123B8B"
      }
    ]
  },
  "bootUUID" : "",
  "processImagePath" : "\/kernel",
  "senderImagePath" : "\/System\/Library\/Extensions\/Sandbox.kext\/Contents\/MacOS\/Sandbox",
  "timestamp" : "2025-12-25 14:39:51.869798-0800",
  "machTimestamp" : 82270972678916,
  "eventMessage" : "Sandbox: sandbox_net_required(28445) deny(1) mach-lookup com.apple.diagnosticd",
  "processImageUUID" : "81DAE146-7A58-3A72-839B-E0840E1CC03A",
  "traceID" : 639168443584516,
  "processID" : 0,
  "senderProgramCounter" : 149364,
  "parentActivityIdentifier" : 0
},{
  "timezoneName" : "",
  "messageType" : "Error",
  "eventType" : "logEvent",
  "source" : null,
  "formatString" : "%s",
  "userID" : 0,
  "activityIdentifier" : 0,
  "subsystem" : "",
  "category" : "",
  "threadID" : 21152894,
  "senderImageUUID" : "274C4541-1E1C-3002-9418-7532DA123B8B",
  "backtrace" : {
    "frames" : [
      {
        "imageOffset" : 149364,
        "imageUUID" : "274C4541-1E1C-3002-9418-7532DA123B8B"
      }
    ]
  },
  "bootUUID" : "",
  "processImagePath" : "\/kernel",
  "senderImagePath" : "\/System\/Library\/Extensions\/Sandbox.kext\/Contents\/MacOS\/Sandbox",
  "timestamp" : "2025-12-25 14:39:51.870792-0800",
  "machTimestamp" : 82270972702776,
  "eventMessage" : "Sandbox: sandbox_net_required(28445) deny(1) file-write-create \/Users\/achyland\/Desktop\/VM-BRIDGE\/SANDBOX_LORE\/book\/experiments\/shrink-trace\/out\/matrix\/sandbox_net_required_dyld0_netdrop_streak3\/out",
  "processImageUUID" : "81DAE146-7A58-3A72-839B-E0840E1CC03A",
  "traceID" : 639168443584516,
  "processID" : 0,
  "senderProgramCounter" : 149364,
  "parentActivityIdentifier" : 0
},{
  "timezoneName" : "",
  "messageType" : "Error",
  "eventType" : "logEvent",
  "source" : null,
  "formatString" : "%s",
  "userID" : 0,
  "activityIdentifier" : 0,
  "subsystem" : "",
  "category" : "",
  "threadID" : 21152894,
  "senderImageUUID" : "274C4541-1E1C-3002-9418-7532DA123B8B",
  "backtrace" : {
    "frames" : [
      {
        "imageOffset" : 149364,
        "imageUUID" : "274C4541-1E1C-3002-9418-7532DA123B8B"
      }
    ]
  },
  "bootUUID" : "",
  "processImagePath" : "\/kernel",
  "senderImagePath" : "\/System\/Library\/Extensions\/Sandbox.kext\/Contents\/MacOS\/Sandbox",
  "timestamp" : "2025-12-25 14:39:51.870899-0800",
  "machTimestamp" : 82270972705348,
  "eventMessage" : "Sandbox: sandbox_net_required(28445) deny(1) network-outbound remote:*:2000",
  "processImageUUID" : "81DAE146-7A58-3A72-839B-E0840E1CC03A",
  "traceID" : 639168443584516,
  "processID" : 0,
  "senderProgramCounter" : 149364,
  "parentActivityIdentifier" : 0
},{
  "timezoneName" : "",
  "messageType" : "Debug",
  "eventType" : "logEvent",
  "source" : null,
  "formatString" : "Sandbox apply: %s[%d] %s",
  "userID" : 0,
  "activityIdentifier" : 0,
  "subsystem" : "",
  "category" : "",
  "threadID" : 21152903,
  "senderImageUUID" : "274C4541-1E1C-3002-9418-7532DA123B8B",
  "backtrace" : {
    "frames" : [
      {
        "imageOffset" : 44236,
        "imageUUID" : "274C4541-1E1C-3002-9418-7532DA123B8B"
      }
    ]
  },
  "bootUUID" : "",
  "processImagePath" : "\/kernel",
  "senderImagePath" : "\/System\/Library\/Extensions\/Sandbox.kext\/Contents\/MacOS\/Sandbox",
  "timestamp" : "2025-12-25 14:39:52.409098-0800",
  "machTimestamp" : 82270985622558,
  "eventMessage" : "Sandbox apply: mdworker_shared[28447] <bytes>",
  "processImageUUID" : "81DAE146-7A58-3A72-839B-E0840E1CC03A",
  "traceID" : 632202006626820,
  "processID" : 0,
  "senderProgramCounter" : 44236,
  "parentActivityIdentifier" : 0
}