{
  "data": {
    "argv": [],
    "correlation_id": "E7FF4921-9B9C-494A-BFD6-7ED0A8875716",
    "details": {
      "app_support_dir": "/Users/achyland/Library/Containers/com.yourteam.policy-witness.ProbeService_minimal.injectable/Data/Library/Application Support",
      "bundle_id": "com.yourteam.policy-witness.ProbeService_minimal.injectable",
      "caches_dir": "/Users/achyland/Library/Containers/com.yourteam.policy-witness.ProbeService_minimal.injectable/Data/Library/Caches",
      "correlation_id": "E7FF4921-9B9C-494A-BFD6-7ED0A8875716",
      "cwd": "/Users/achyland/Library/Containers/com.yourteam.policy-witness.ProbeService_minimal.injectable/Data",
      "desktop_dir": "/Users/achyland/Library/Containers/com.yourteam.policy-witness.ProbeService_minimal.injectable/Data/Desktop",
      "documents_dir": "/Users/achyland/Library/Containers/com.yourteam.policy-witness.ProbeService_minimal.injectable/Data/Documents",
      "downloads_dir": "/Users/achyland/Library/Containers/com.yourteam.policy-witness.ProbeService_minimal.injectable/Data/Downloads",
      "file_path": "/Users/achyland/Library/Containers/com.yourteam.policy-witness.ProbeService_minimal.injectable/Data/Library/Preferences/com.yourteam.policy-witness.ProbeService_minimal.injectable.plist",
      "has_allow_dyld_env": "true",
      "has_allow_jit": "false",
      "has_allow_unsigned_exec_mem": "true",
      "has_app_sandbox": "true",
      "has_bookmarks_app_scope": "false",
      "has_disable_library_validation": "true",
      "has_downloads_rw": "false",
      "has_get_task_allow": "true",
      "has_network_client": "false",
      "has_user_selected_executable": "false",
      "has_user_selected_read_only": "false",
      "has_user_selected_read_write": "false",
      "home_dir": "/Users/achyland/Library/Containers/com.yourteam.policy-witness.ProbeService_minimal.injectable/Data",
      "pid": "29747",
      "prefs_path_guess": "/Users/achyland/Library/Containers/com.yourteam.policy-witness.ProbeService_minimal.injectable/Data/Library/Preferences/com.yourteam.policy-witness.ProbeService_minimal.injectable.plist",
      "probe_family": "capabilities_snapshot",
      "probe_pid": "29747",
      "process_name": "ProbeService_minimal__injectable",
      "service_pid": "29747",
      "session_token": "916648B3-68E2-4DC0-9396-58FD3CE844EA",
      "tmp_dir": "/Users/achyland/Library/Containers/com.yourteam.policy-witness.ProbeService_minimal.injectable/Data/tmp/"
    },
    "ended_at_iso8601": "2026-01-04T00:14:05.918Z",
    "layer_attribution": {
      "world_shape_change": "home_containerized"
    },
    "normalized_outcome": "ok",
    "plan_id": "frida-testing:witness-frida",
    "probe_id": "capabilities_snapshot",
    "rc": 0,
    "row_id": "frida-testing:witness-frida.7d6f3c20-4264-4e9a-818c-67c15d963fc0.capabilities_snapshot",
    "schema_version": 1,
    "service_build": "2",
    "service_bundle_id": "com.yourteam.policy-witness.ProbeService_minimal.injectable",
    "service_name": "ProbeService_minimal__injectable",
    "service_version": "2.0.0",
    "started_at_iso8601": "2026-01-04T00:14:05.917Z",
    "stderr": "",
    "stdout": "",
    "thread_id": "4867"
  },
  "generated_at_unix_ms": 1767485645920,
  "kind": "probe_response",
  "result": {
    "exit_code": 0,
    "normalized_outcome": "ok",
    "ok": true,
    "rc": 0
  },
  "schema_version": 1
}
