2025-12-03 09:15:33 INFO  (LoggingInitialization) Using log config file: jar:file:/opt/homebrew/Cellar/ghidra/11.4.2/libexec/Ghidra/Framework/Generic/lib/Generic.jar!/generic.log4j.xml  
2025-12-03 09:15:33 INFO  (LoggingInitialization) Using log file: /Users/achyland/Desktop/SANDBOX_LORE/.ghidra-user/achyland-ghidra/ghidra_11.4.2_PUBLIC/application.log  
2025-12-03 09:15:33 INFO  (Preferences) Loading user preferences: /Users/achyland/Desktop/SANDBOX_LORE/.ghidra-user/achyland-ghidra/ghidra_11.4.2_PUBLIC/preferences  
2025-12-03 09:15:33 INFO  (ClassSearcher) Searching for classes...  
2025-12-03 09:15:34 INFO  (ClassSearcher) Class search complete (1268 ms)  
2025-12-03 09:15:34 INFO  (SSLContextInitializer) Initializing SSL Context  
2025-12-03 09:15:34 INFO  (SecureRandomFactory) Initializing Random Number Generator...  
2025-12-03 09:15:34 INFO  (SecureRandomFactory) Random Number Generator initialization complete: NativePRNGNonBlocking  
2025-12-03 09:15:34 INFO  (ApplicationTrustManagerFactory) Trust manager disabled, cacerts have not been set  
2025-12-03 09:15:53 INFO  (LoggingInitialization) Using log config file: jar:file:/opt/homebrew/Cellar/ghidra/11.4.2/libexec/Ghidra/Framework/Generic/lib/Generic.jar!/generic.log4j.xml  
2025-12-03 09:15:53 INFO  (LoggingInitialization) Using log file: /Users/achyland/Desktop/SANDBOX_LORE/.ghidra-user/achyland-ghidra/ghidra_11.4.2_PUBLIC/application.log  
2025-12-03 09:15:53 INFO  (Preferences) Loading user preferences: /Users/achyland/Desktop/SANDBOX_LORE/.ghidra-user/achyland-ghidra/ghidra_11.4.2_PUBLIC/preferences  
2025-12-03 09:15:53 INFO  (ClassSearcher) Searching for classes...  
2025-12-03 09:15:54 INFO  (ClassSearcher) Class search complete (1255 ms)  
2025-12-03 09:15:54 INFO  (SSLContextInitializer) Initializing SSL Context  
2025-12-03 09:15:54 INFO  (SecureRandomFactory) Initializing Random Number Generator...  
2025-12-03 09:15:54 INFO  (SecureRandomFactory) Random Number Generator initialization complete: NativePRNGNonBlocking  
2025-12-03 09:15:54 INFO  (ApplicationTrustManagerFactory) Trust manager disabled, cacerts have not been set  
2025-12-03 09:16:14 INFO  (LoggingInitialization) Using log config file: jar:file:/opt/homebrew/Cellar/ghidra/11.4.2/libexec/Ghidra/Framework/Generic/lib/Generic.jar!/generic.log4j.xml  
2025-12-03 09:16:14 INFO  (LoggingInitialization) Using log file: /Users/achyland/Desktop/SANDBOX_LORE/.ghidra-user/achyland-ghidra/ghidra_11.4.2_PUBLIC/application.log  
2025-12-03 09:16:14 INFO  (Preferences) Loading user preferences: /Users/achyland/Desktop/SANDBOX_LORE/.ghidra-user/achyland-ghidra/ghidra_11.4.2_PUBLIC/preferences  
2025-12-03 09:16:14 INFO  (ClassSearcher) Searching for classes...  
2025-12-03 09:16:15 INFO  (ClassSearcher) Class search complete (1255 ms)  
2025-12-03 09:16:15 INFO  (SSLContextInitializer) Initializing SSL Context  
2025-12-03 09:16:15 INFO  (SecureRandomFactory) Initializing Random Number Generator...  
2025-12-03 09:16:15 INFO  (SecureRandomFactory) Random Number Generator initialization complete: NativePRNGNonBlocking  
2025-12-03 09:16:15 INFO  (ApplicationTrustManagerFactory) Trust manager disabled, cacerts have not been set  
2025-12-03 09:16:15 INFO  (AnalyzeHeadless) Headless startup complete (2226 ms)  
2025-12-03 09:16:15 INFO  (ClassSearcher) Class searcher loaded 58 extension points (18 false positives)  
2025-12-03 09:16:16 INFO  (HeadlessAnalyzer) HEADLESS Script Paths:
    /opt/homebrew/Cellar/ghidra/11.4.2/libexec/Ghidra/Features/VersionTracking/ghidra_scripts
    /opt/homebrew/Cellar/ghidra/11.4.2/libexec/Ghidra/Features/Jython/ghidra_scripts
    /opt/homebrew/Cellar/ghidra/11.4.2/libexec/Ghidra/Debug/Debugger/ghidra_scripts
    /opt/homebrew/Cellar/ghidra/11.4.2/libexec/Ghidra/Processors/Atmel/ghidra_scripts
    /opt/homebrew/Cellar/ghidra/11.4.2/libexec/Ghidra/Processors/PIC/ghidra_scripts
    /opt/homebrew/Cellar/ghidra/11.4.2/libexec/Ghidra/Features/PyGhidra/ghidra_scripts
    /opt/homebrew/Cellar/ghidra/11.4.2/libexec/Ghidra/Features/SwiftDemangler/ghidra_scripts
    /opt/homebrew/Cellar/ghidra/11.4.2/libexec/Ghidra/Features/PDB/ghidra_scripts
    /opt/homebrew/Cellar/ghidra/11.4.2/libexec/Ghidra/Features/BytePatterns/ghidra_scripts
    /tmp
    /opt/homebrew/Cellar/ghidra/11.4.2/libexec/Ghidra/Features/SystemEmulation/ghidra_scripts
    /opt/homebrew/Cellar/ghidra/11.4.2/libexec/Ghidra/Processors/JVM/ghidra_scripts
    /opt/homebrew/Cellar/ghidra/11.4.2/libexec/Ghidra/Features/MicrosoftCodeAnalyzer/ghidra_scripts
    /opt/homebrew/Cellar/ghidra/11.4.2/libexec/Ghidra/Features/FunctionID/ghidra_scripts
    /opt/homebrew/Cellar/ghidra/11.4.2/libexec/Ghidra/Features/WildcardAssembler/ghidra_scripts
    /opt/homebrew/Cellar/ghidra/11.4.2/libexec/Ghidra/Features/BSim/ghidra_scripts
    /opt/homebrew/Cellar/ghidra/11.4.2/libexec/Ghidra/Features/FileFormats/ghidra_scripts
    /opt/homebrew/Cellar/ghidra/11.4.2/libexec/Ghidra/Features/DecompilerDependent/ghidra_scripts
    /opt/homebrew/Cellar/ghidra/11.4.2/libexec/Ghidra/Debug/Debugger-rmi-trace/ghidra_scripts
    /opt/homebrew/Cellar/ghidra/11.4.2/libexec/Ghidra/Features/Decompiler/ghidra_scripts
    /opt/homebrew/Cellar/ghidra/11.4.2/libexec/Ghidra/Processors/DATA/ghidra_scripts
    /opt/homebrew/Cellar/ghidra/11.4.2/libexec/Ghidra/Processors/8051/ghidra_scripts
    /opt/homebrew/Cellar/ghidra/11.4.2/libexec/Ghidra/Features/Base/ghidra_scripts
    /opt/homebrew/Cellar/ghidra/11.4.2/libexec/Ghidra/Features/GnuDemangler/ghidra_scripts  
2025-12-03 09:16:16 INFO  (HeadlessAnalyzer) HEADLESS: execution starts  
2025-12-03 09:16:16 INFO  (HeadlessAnalyzer) Opening existing project: /Users/achyland/Desktop/SANDBOX_LORE/dumps/ghidra/projects/sandbox_field2_sbx  
2025-12-03 09:16:16 DEBUG (DefaultProjectManager) No tools found; Installing default tools  
2025-12-03 09:16:16 DEBUG (DefaultProjectManager) 	no recent project directories found  
2025-12-03 09:16:16 INFO  (HeadlessProject) Opening project: /Users/achyland/Desktop/SANDBOX_LORE/dumps/ghidra/projects/sandbox_field2_sbx  
2025-12-03 09:16:17 INFO  (HeadlessAnalyzer) REPORT: Processing project file: /com.apple.security.sandbox  
2025-12-03 09:16:17 INFO  (HeadlessAnalyzer) SCRIPT: /tmp/dump_read16_callers.py  
2025-12-03 09:16:23 INFO  (HeadlessAnalyzer) REPORT: Save succeeded for processed file: /com.apple.security.sandbox  
2025-12-03 09:17:04 INFO  (LoggingInitialization) Using log config file: jar:file:/opt/homebrew/Cellar/ghidra/11.4.2/libexec/Ghidra/Framework/Generic/lib/Generic.jar!/generic.log4j.xml  
2025-12-03 09:17:04 INFO  (LoggingInitialization) Using log file: /Users/achyland/Desktop/SANDBOX_LORE/.ghidra-user/achyland-ghidra/ghidra_11.4.2_PUBLIC/application.log  
2025-12-03 09:17:04 INFO  (Preferences) Loading user preferences: /Users/achyland/Desktop/SANDBOX_LORE/.ghidra-user/achyland-ghidra/ghidra_11.4.2_PUBLIC/preferences  
2025-12-03 09:17:04 INFO  (ClassSearcher) Searching for classes...  
2025-12-03 09:17:06 INFO  (ClassSearcher) Class search complete (1258 ms)  
2025-12-03 09:17:06 INFO  (SSLContextInitializer) Initializing SSL Context  
2025-12-03 09:17:06 INFO  (SecureRandomFactory) Initializing Random Number Generator...  
2025-12-03 09:17:06 INFO  (SecureRandomFactory) Random Number Generator initialization complete: NativePRNGNonBlocking  
2025-12-03 09:17:06 INFO  (ApplicationTrustManagerFactory) Trust manager disabled, cacerts have not been set  
2025-12-03 09:17:06 INFO  (AnalyzeHeadless) Headless startup complete (2237 ms)  
2025-12-03 09:17:06 INFO  (ClassSearcher) Class searcher loaded 58 extension points (18 false positives)  
2025-12-03 09:17:06 INFO  (HeadlessAnalyzer) HEADLESS Script Paths:
    /opt/homebrew/Cellar/ghidra/11.4.2/libexec/Ghidra/Features/VersionTracking/ghidra_scripts
    /opt/homebrew/Cellar/ghidra/11.4.2/libexec/Ghidra/Features/Jython/ghidra_scripts
    /opt/homebrew/Cellar/ghidra/11.4.2/libexec/Ghidra/Debug/Debugger/ghidra_scripts
    /opt/homebrew/Cellar/ghidra/11.4.2/libexec/Ghidra/Processors/Atmel/ghidra_scripts
    /opt/homebrew/Cellar/ghidra/11.4.2/libexec/Ghidra/Processors/PIC/ghidra_scripts
    /opt/homebrew/Cellar/ghidra/11.4.2/libexec/Ghidra/Features/PyGhidra/ghidra_scripts
    /opt/homebrew/Cellar/ghidra/11.4.2/libexec/Ghidra/Features/SwiftDemangler/ghidra_scripts
    /opt/homebrew/Cellar/ghidra/11.4.2/libexec/Ghidra/Features/PDB/ghidra_scripts
    /opt/homebrew/Cellar/ghidra/11.4.2/libexec/Ghidra/Features/BytePatterns/ghidra_scripts
    /tmp
    /opt/homebrew/Cellar/ghidra/11.4.2/libexec/Ghidra/Features/SystemEmulation/ghidra_scripts
    /opt/homebrew/Cellar/ghidra/11.4.2/libexec/Ghidra/Processors/JVM/ghidra_scripts
    /opt/homebrew/Cellar/ghidra/11.4.2/libexec/Ghidra/Features/MicrosoftCodeAnalyzer/ghidra_scripts
    /opt/homebrew/Cellar/ghidra/11.4.2/libexec/Ghidra/Features/FunctionID/ghidra_scripts
    /opt/homebrew/Cellar/ghidra/11.4.2/libexec/Ghidra/Features/WildcardAssembler/ghidra_scripts
    /opt/homebrew/Cellar/ghidra/11.4.2/libexec/Ghidra/Features/BSim/ghidra_scripts
    /opt/homebrew/Cellar/ghidra/11.4.2/libexec/Ghidra/Features/FileFormats/ghidra_scripts
    /opt/homebrew/Cellar/ghidra/11.4.2/libexec/Ghidra/Features/DecompilerDependent/ghidra_scripts
    /opt/homebrew/Cellar/ghidra/11.4.2/libexec/Ghidra/Debug/Debugger-rmi-trace/ghidra_scripts
    /opt/homebrew/Cellar/ghidra/11.4.2/libexec/Ghidra/Features/Decompiler/ghidra_scripts
    /opt/homebrew/Cellar/ghidra/11.4.2/libexec/Ghidra/Processors/DATA/ghidra_scripts
    /opt/homebrew/Cellar/ghidra/11.4.2/libexec/Ghidra/Processors/8051/ghidra_scripts
    /opt/homebrew/Cellar/ghidra/11.4.2/libexec/Ghidra/Features/Base/ghidra_scripts
    /opt/homebrew/Cellar/ghidra/11.4.2/libexec/Ghidra/Features/GnuDemangler/ghidra_scripts  
2025-12-03 09:17:06 INFO  (HeadlessAnalyzer) HEADLESS: execution starts  
2025-12-03 09:17:06 INFO  (HeadlessAnalyzer) Opening existing project: /Users/achyland/Desktop/SANDBOX_LORE/dumps/ghidra/projects/sandbox_field2_sbx  
2025-12-03 09:17:06 INFO  (HeadlessProject) Opening project: /Users/achyland/Desktop/SANDBOX_LORE/dumps/ghidra/projects/sandbox_field2_sbx  
2025-12-03 09:17:07 INFO  (HeadlessAnalyzer) REPORT: Processing project file: /com.apple.security.sandbox  
2025-12-03 09:17:08 INFO  (HeadlessAnalyzer) SCRIPT: /tmp/dump_read16_callers.py  
2025-12-03 09:17:10 INFO  (HeadlessAnalyzer) REPORT: Save succeeded for processed file: /com.apple.security.sandbox  
2025-12-03 09:17:41 INFO  (LoggingInitialization) Using log config file: jar:file:/opt/homebrew/Cellar/ghidra/11.4.2/libexec/Ghidra/Framework/Generic/lib/Generic.jar!/generic.log4j.xml  
2025-12-03 09:17:41 INFO  (LoggingInitialization) Using log file: /Users/achyland/Desktop/SANDBOX_LORE/.ghidra-user/achyland-ghidra/ghidra_11.4.2_PUBLIC/application.log  
2025-12-03 09:17:41 INFO  (Preferences) Loading user preferences: /Users/achyland/Desktop/SANDBOX_LORE/.ghidra-user/achyland-ghidra/ghidra_11.4.2_PUBLIC/preferences  
2025-12-03 09:17:41 INFO  (ClassSearcher) Searching for classes...  
2025-12-03 09:17:43 INFO  (ClassSearcher) Class search complete (1254 ms)  
2025-12-03 09:17:43 INFO  (SSLContextInitializer) Initializing SSL Context  
2025-12-03 09:17:43 INFO  (SecureRandomFactory) Initializing Random Number Generator...  
2025-12-03 09:17:43 INFO  (SecureRandomFactory) Random Number Generator initialization complete: NativePRNGNonBlocking  
2025-12-03 09:17:43 INFO  (ApplicationTrustManagerFactory) Trust manager disabled, cacerts have not been set  
2025-12-03 09:17:43 INFO  (AnalyzeHeadless) Headless startup complete (2206 ms)  
2025-12-03 09:17:43 INFO  (ClassSearcher) Class searcher loaded 58 extension points (18 false positives)  
2025-12-03 09:17:43 INFO  (HeadlessAnalyzer) HEADLESS Script Paths:
    /opt/homebrew/Cellar/ghidra/11.4.2/libexec/Ghidra/Features/VersionTracking/ghidra_scripts
    /opt/homebrew/Cellar/ghidra/11.4.2/libexec/Ghidra/Features/Jython/ghidra_scripts
    /opt/homebrew/Cellar/ghidra/11.4.2/libexec/Ghidra/Debug/Debugger/ghidra_scripts
    /opt/homebrew/Cellar/ghidra/11.4.2/libexec/Ghidra/Processors/Atmel/ghidra_scripts
    /opt/homebrew/Cellar/ghidra/11.4.2/libexec/Ghidra/Processors/PIC/ghidra_scripts
    /opt/homebrew/Cellar/ghidra/11.4.2/libexec/Ghidra/Features/PyGhidra/ghidra_scripts
    /opt/homebrew/Cellar/ghidra/11.4.2/libexec/Ghidra/Features/SwiftDemangler/ghidra_scripts
    /opt/homebrew/Cellar/ghidra/11.4.2/libexec/Ghidra/Features/PDB/ghidra_scripts
    /opt/homebrew/Cellar/ghidra/11.4.2/libexec/Ghidra/Features/BytePatterns/ghidra_scripts
    /tmp
    /opt/homebrew/Cellar/ghidra/11.4.2/libexec/Ghidra/Features/SystemEmulation/ghidra_scripts
    /opt/homebrew/Cellar/ghidra/11.4.2/libexec/Ghidra/Processors/JVM/ghidra_scripts
    /opt/homebrew/Cellar/ghidra/11.4.2/libexec/Ghidra/Features/MicrosoftCodeAnalyzer/ghidra_scripts
    /opt/homebrew/Cellar/ghidra/11.4.2/libexec/Ghidra/Features/FunctionID/ghidra_scripts
    /opt/homebrew/Cellar/ghidra/11.4.2/libexec/Ghidra/Features/WildcardAssembler/ghidra_scripts
    /opt/homebrew/Cellar/ghidra/11.4.2/libexec/Ghidra/Features/BSim/ghidra_scripts
    /opt/homebrew/Cellar/ghidra/11.4.2/libexec/Ghidra/Features/FileFormats/ghidra_scripts
    /opt/homebrew/Cellar/ghidra/11.4.2/libexec/Ghidra/Features/DecompilerDependent/ghidra_scripts
    /opt/homebrew/Cellar/ghidra/11.4.2/libexec/Ghidra/Debug/Debugger-rmi-trace/ghidra_scripts
    /opt/homebrew/Cellar/ghidra/11.4.2/libexec/Ghidra/Features/Decompiler/ghidra_scripts
    /opt/homebrew/Cellar/ghidra/11.4.2/libexec/Ghidra/Processors/DATA/ghidra_scripts
    /opt/homebrew/Cellar/ghidra/11.4.2/libexec/Ghidra/Processors/8051/ghidra_scripts
    /opt/homebrew/Cellar/ghidra/11.4.2/libexec/Ghidra/Features/Base/ghidra_scripts
    /opt/homebrew/Cellar/ghidra/11.4.2/libexec/Ghidra/Features/GnuDemangler/ghidra_scripts  
2025-12-03 09:17:43 INFO  (HeadlessAnalyzer) HEADLESS: execution starts  
2025-12-03 09:17:43 INFO  (HeadlessAnalyzer) Opening existing project: /Users/achyland/Desktop/SANDBOX_LORE/dumps/ghidra/projects/sandbox_field2_sbx  
2025-12-03 09:17:43 INFO  (HeadlessProject) Opening project: /Users/achyland/Desktop/SANDBOX_LORE/dumps/ghidra/projects/sandbox_field2_sbx  
2025-12-03 09:17:45 INFO  (HeadlessAnalyzer) REPORT: Processing project file: /com.apple.security.sandbox  
2025-12-03 09:17:45 INFO  (HeadlessAnalyzer) SCRIPT: /tmp/dump_read16_callers.py  
2025-12-03 09:17:47 INFO  (HeadlessAnalyzer) REPORT: Save succeeded for processed file: /com.apple.security.sandbox  
2025-12-03 09:18:26 INFO  (LoggingInitialization) Using log config file: jar:file:/opt/homebrew/Cellar/ghidra/11.4.2/libexec/Ghidra/Framework/Generic/lib/Generic.jar!/generic.log4j.xml  
2025-12-03 09:18:26 INFO  (LoggingInitialization) Using log file: /Users/achyland/Desktop/SANDBOX_LORE/.ghidra-user/achyland-ghidra/ghidra_11.4.2_PUBLIC/application.log  
2025-12-03 09:18:26 INFO  (Preferences) Loading user preferences: /Users/achyland/Desktop/SANDBOX_LORE/.ghidra-user/achyland-ghidra/ghidra_11.4.2_PUBLIC/preferences  
2025-12-03 09:18:26 INFO  (ClassSearcher) Searching for classes...  
2025-12-03 09:18:28 INFO  (ClassSearcher) Class search complete (1256 ms)  
2025-12-03 09:18:28 INFO  (SSLContextInitializer) Initializing SSL Context  
2025-12-03 09:18:28 INFO  (SecureRandomFactory) Initializing Random Number Generator...  
2025-12-03 09:18:28 INFO  (SecureRandomFactory) Random Number Generator initialization complete: NativePRNGNonBlocking  
2025-12-03 09:18:28 INFO  (ApplicationTrustManagerFactory) Trust manager disabled, cacerts have not been set  
2025-12-03 09:18:28 INFO  (AnalyzeHeadless) Headless startup complete (2207 ms)  
2025-12-03 09:18:28 INFO  (ClassSearcher) Class searcher loaded 58 extension points (18 false positives)  
2025-12-03 09:18:28 INFO  (HeadlessAnalyzer) HEADLESS Script Paths:
    /opt/homebrew/Cellar/ghidra/11.4.2/libexec/Ghidra/Features/VersionTracking/ghidra_scripts
    /opt/homebrew/Cellar/ghidra/11.4.2/libexec/Ghidra/Features/Jython/ghidra_scripts
    /opt/homebrew/Cellar/ghidra/11.4.2/libexec/Ghidra/Debug/Debugger/ghidra_scripts
    /opt/homebrew/Cellar/ghidra/11.4.2/libexec/Ghidra/Processors/Atmel/ghidra_scripts
    /opt/homebrew/Cellar/ghidra/11.4.2/libexec/Ghidra/Processors/PIC/ghidra_scripts
    /opt/homebrew/Cellar/ghidra/11.4.2/libexec/Ghidra/Features/PyGhidra/ghidra_scripts
    /opt/homebrew/Cellar/ghidra/11.4.2/libexec/Ghidra/Features/SwiftDemangler/ghidra_scripts
    /opt/homebrew/Cellar/ghidra/11.4.2/libexec/Ghidra/Features/PDB/ghidra_scripts
    /opt/homebrew/Cellar/ghidra/11.4.2/libexec/Ghidra/Features/BytePatterns/ghidra_scripts
    /tmp
    /opt/homebrew/Cellar/ghidra/11.4.2/libexec/Ghidra/Features/SystemEmulation/ghidra_scripts
    /opt/homebrew/Cellar/ghidra/11.4.2/libexec/Ghidra/Processors/JVM/ghidra_scripts
    /opt/homebrew/Cellar/ghidra/11.4.2/libexec/Ghidra/Features/MicrosoftCodeAnalyzer/ghidra_scripts
    /opt/homebrew/Cellar/ghidra/11.4.2/libexec/Ghidra/Features/FunctionID/ghidra_scripts
    /opt/homebrew/Cellar/ghidra/11.4.2/libexec/Ghidra/Features/WildcardAssembler/ghidra_scripts
    /opt/homebrew/Cellar/ghidra/11.4.2/libexec/Ghidra/Features/BSim/ghidra_scripts
    /opt/homebrew/Cellar/ghidra/11.4.2/libexec/Ghidra/Features/FileFormats/ghidra_scripts
    /opt/homebrew/Cellar/ghidra/11.4.2/libexec/Ghidra/Features/DecompilerDependent/ghidra_scripts
    /opt/homebrew/Cellar/ghidra/11.4.2/libexec/Ghidra/Debug/Debugger-rmi-trace/ghidra_scripts
    /opt/homebrew/Cellar/ghidra/11.4.2/libexec/Ghidra/Features/Decompiler/ghidra_scripts
    /opt/homebrew/Cellar/ghidra/11.4.2/libexec/Ghidra/Processors/DATA/ghidra_scripts
    /opt/homebrew/Cellar/ghidra/11.4.2/libexec/Ghidra/Processors/8051/ghidra_scripts
    /opt/homebrew/Cellar/ghidra/11.4.2/libexec/Ghidra/Features/Base/ghidra_scripts
    /opt/homebrew/Cellar/ghidra/11.4.2/libexec/Ghidra/Features/GnuDemangler/ghidra_scripts  
2025-12-03 09:18:28 INFO  (HeadlessAnalyzer) HEADLESS: execution starts  
2025-12-03 09:18:28 INFO  (HeadlessAnalyzer) Opening existing project: /Users/achyland/Desktop/SANDBOX_LORE/dumps/ghidra/projects/sandbox_field2_sbx  
2025-12-03 09:18:28 INFO  (HeadlessProject) Opening project: /Users/achyland/Desktop/SANDBOX_LORE/dumps/ghidra/projects/sandbox_field2_sbx  
2025-12-03 09:18:29 INFO  (HeadlessAnalyzer) REPORT: Processing project file: /com.apple.security.sandbox  
2025-12-03 09:18:30 INFO  (HeadlessAnalyzer) SCRIPT: /tmp/dump_read16_callers.py  
2025-12-03 09:18:32 INFO  (HeadlessAnalyzer) REPORT: Save succeeded for processed file: /com.apple.security.sandbox  
2025-12-03 09:19:09 INFO  (LoggingInitialization) Using log config file: jar:file:/opt/homebrew/Cellar/ghidra/11.4.2/libexec/Ghidra/Framework/Generic/lib/Generic.jar!/generic.log4j.xml  
2025-12-03 09:19:09 INFO  (LoggingInitialization) Using log file: /Users/achyland/Desktop/SANDBOX_LORE/.ghidra-user/achyland-ghidra/ghidra_11.4.2_PUBLIC/application.log  
2025-12-03 09:19:09 INFO  (Preferences) Loading user preferences: /Users/achyland/Desktop/SANDBOX_LORE/.ghidra-user/achyland-ghidra/ghidra_11.4.2_PUBLIC/preferences  
2025-12-03 09:19:09 INFO  (ClassSearcher) Searching for classes...  
2025-12-03 09:19:10 INFO  (ClassSearcher) Class search complete (1259 ms)  
2025-12-03 09:19:10 INFO  (SSLContextInitializer) Initializing SSL Context  
2025-12-03 09:19:10 INFO  (SecureRandomFactory) Initializing Random Number Generator...  
2025-12-03 09:19:10 INFO  (SecureRandomFactory) Random Number Generator initialization complete: NativePRNGNonBlocking  
2025-12-03 09:19:10 INFO  (ApplicationTrustManagerFactory) Trust manager disabled, cacerts have not been set  
2025-12-03 09:19:10 INFO  (AnalyzeHeadless) Headless startup complete (2204 ms)  
2025-12-03 09:19:10 INFO  (ClassSearcher) Class searcher loaded 58 extension points (18 false positives)  
2025-12-03 09:19:11 INFO  (HeadlessAnalyzer) HEADLESS Script Paths:
    /opt/homebrew/Cellar/ghidra/11.4.2/libexec/Ghidra/Features/VersionTracking/ghidra_scripts
    /opt/homebrew/Cellar/ghidra/11.4.2/libexec/Ghidra/Features/Jython/ghidra_scripts
    /opt/homebrew/Cellar/ghidra/11.4.2/libexec/Ghidra/Debug/Debugger/ghidra_scripts
    /opt/homebrew/Cellar/ghidra/11.4.2/libexec/Ghidra/Processors/Atmel/ghidra_scripts
    /opt/homebrew/Cellar/ghidra/11.4.2/libexec/Ghidra/Processors/PIC/ghidra_scripts
    /opt/homebrew/Cellar/ghidra/11.4.2/libexec/Ghidra/Features/PyGhidra/ghidra_scripts
    /opt/homebrew/Cellar/ghidra/11.4.2/libexec/Ghidra/Features/SwiftDemangler/ghidra_scripts
    /opt/homebrew/Cellar/ghidra/11.4.2/libexec/Ghidra/Features/PDB/ghidra_scripts
    /opt/homebrew/Cellar/ghidra/11.4.2/libexec/Ghidra/Features/BytePatterns/ghidra_scripts
    /tmp
    /opt/homebrew/Cellar/ghidra/11.4.2/libexec/Ghidra/Features/SystemEmulation/ghidra_scripts
    /opt/homebrew/Cellar/ghidra/11.4.2/libexec/Ghidra/Processors/JVM/ghidra_scripts
    /opt/homebrew/Cellar/ghidra/11.4.2/libexec/Ghidra/Features/MicrosoftCodeAnalyzer/ghidra_scripts
    /opt/homebrew/Cellar/ghidra/11.4.2/libexec/Ghidra/Features/FunctionID/ghidra_scripts
    /opt/homebrew/Cellar/ghidra/11.4.2/libexec/Ghidra/Features/WildcardAssembler/ghidra_scripts
    /opt/homebrew/Cellar/ghidra/11.4.2/libexec/Ghidra/Features/BSim/ghidra_scripts
    /opt/homebrew/Cellar/ghidra/11.4.2/libexec/Ghidra/Features/FileFormats/ghidra_scripts
    /opt/homebrew/Cellar/ghidra/11.4.2/libexec/Ghidra/Features/DecompilerDependent/ghidra_scripts
    /opt/homebrew/Cellar/ghidra/11.4.2/libexec/Ghidra/Debug/Debugger-rmi-trace/ghidra_scripts
    /opt/homebrew/Cellar/ghidra/11.4.2/libexec/Ghidra/Features/Decompiler/ghidra_scripts
    /opt/homebrew/Cellar/ghidra/11.4.2/libexec/Ghidra/Processors/DATA/ghidra_scripts
    /opt/homebrew/Cellar/ghidra/11.4.2/libexec/Ghidra/Processors/8051/ghidra_scripts
    /opt/homebrew/Cellar/ghidra/11.4.2/libexec/Ghidra/Features/Base/ghidra_scripts
    /opt/homebrew/Cellar/ghidra/11.4.2/libexec/Ghidra/Features/GnuDemangler/ghidra_scripts  
2025-12-03 09:19:11 INFO  (HeadlessAnalyzer) HEADLESS: execution starts  
2025-12-03 09:19:11 INFO  (HeadlessAnalyzer) Opening existing project: /Users/achyland/Desktop/SANDBOX_LORE/dumps/ghidra/projects/sandbox_field2_sbx  
2025-12-03 09:19:11 INFO  (HeadlessProject) Opening project: /Users/achyland/Desktop/SANDBOX_LORE/dumps/ghidra/projects/sandbox_field2_sbx  
2025-12-03 09:19:12 INFO  (HeadlessAnalyzer) REPORT: Processing project file: /com.apple.security.sandbox  
2025-12-03 09:19:12 INFO  (HeadlessAnalyzer) SCRIPT: /tmp/dump_read16_callers.py  
2025-12-03 09:19:14 INFO  (HeadlessAnalyzer) REPORT: Save succeeded for processed file: /com.apple.security.sandbox  
