{
  "data": {
    "end": null,
    "last": "10s",
    "layer_attribution": {
      "seatbelt": "observer_only"
    },
    "log_error": null,
    "log_rc": 0,
    "log_stderr": "",
    "log_stdout": "Timestamp                       (process)[PID]    \n2025-12-24 17:26:57.508449-0800  localhost kernel[0]: (Sandbox) Sandbox: ProbeService_minimal(36877) deny(1) network-outbound remote:*:54017\n2025-12-24 17:26:57.814349-0800  localhost log[36879]: [com.apple.log:] log run noninteractively, parent: 36878 (sandbox-log-observer), args: '/usr/bin/log' 'show' '--style' 'syslog' '--info' '--debug' '--last' '10s' '--predicate' '((eventMessage CONTAINS[c] \"Sandbox: ProbeService_minimal(36877)\") OR ((eventMessage CONTAINS[c",
    "observed_deny": true,
    "observed_lines": 3,
    "pid": 36877,
    "predicate": "((eventMessage CONTAINS[c] \"Sandbox: ProbeService_minimal(36877)\") OR ((eventMessage CONTAINS[c] \"deny\") AND (eventMessage CONTAINS[c] \"36877\")))",
    "process_name": "ProbeService_minimal",
    "start": null
  },
  "generated_at_unix_ms": 1766626018050,
  "kind": "sandbox_log_observer_report",
  "result": {
    "errno": null,
    "error": null,
    "exit_code": 0,
    "normalized_outcome": null,
    "ok": true,
    "rc": null,
    "stderr": null,
    "stdout": null
  },
  "schema_version": 1
}
